{"/home/travis/build/npmtest/node-npmtest-homebridge-openhab/test.js":{"path":"/home/travis/build/npmtest/node-npmtest-homebridge-openhab/test.js","s":{"1":2,"2":2,"3":2,"4":2,"5":2,"6":2,"7":2,"8":1,"9":2,"10":2,"11":1,"12":1,"13":1,"14":1,"15":2,"16":2,"17":2,"18":2,"19":1,"20":1,"21":2,"22":2,"23":2,"24":1,"25":1,"26":1,"27":1,"28":1,"29":1,"30":1,"31":1,"32":1,"33":1,"34":1,"35":1,"36":1,"37":1,"38":1,"39":2,"40":2,"41":1,"42":2,"43":2,"44":1,"45":2,"46":2,"47":1,"48":2,"49":2,"50":1,"51":1,"52":1,"53":1,"54":1},"b":{"1":[2,1,1,1],"2":[1,1,1,1],"3":[1,1],"4":[1,1],"5":[1,1],"6":[1,1],"7":[1,1],"8":[1,1],"9":[1,1],"10":[1,1,1],"11":[1,1],"12":[1,1],"13":[1,1],"14":[1,1],"15":[1,1],"16":[1,1],"17":[1,1]},"f":{"1":2,"2":2,"3":2,"4":2,"5":2,"6":1,"7":1,"8":1,"9":2,"10":2,"11":2,"12":2,"13":1},"fnMap":{"1":{"name":"(anonymous_1)","line":12,"loc":{"start":{"line":12,"column":1},"end":{"line":12,"column":13}}},"2":{"name":"(anonymous_2)","line":19,"loc":{"start":{"line":19,"column":5},"end":{"line":19,"column":17}}},"3":{"name":"(anonymous_3)","line":23,"loc":{"start":{"line":23,"column":24},"end":{"line":23,"column":36}}},"4":{"name":"(anonymous_4)","line":61,"loc":{"start":{"line":61,"column":5},"end":{"line":61,"column":17}}},"5":{"name":"(anonymous_5)","line":82,"loc":{"start":{"line":82,"column":5},"end":{"line":82,"column":17}}},"6":{"name":"(anonymous_6)","line":91,"loc":{"start":{"line":91,"column":77},"end":{"line":94,"column":10}}},"7":{"name":"(anonymous_7)","line":112,"loc":{"start":{"line":112,"column":83},"end":{"line":115,"column":10}},"skip":true},"8":{"name":"(anonymous_8)","line":123,"loc":{"start":{"line":123,"column":77},"end":{"line":126,"column":10}},"skip":true},"9":{"name":"(anonymous_9)","line":139,"loc":{"start":{"line":139,"column":12},"end":{"line":139,"column":40}},"skip":true},"10":{"name":"(anonymous_10)","line":147,"loc":{"start":{"line":147,"column":77},"end":{"line":150,"column":10}},"skip":true},"11":{"name":"(anonymous_11)","line":158,"loc":{"start":{"line":158,"column":83},"end":{"line":161,"column":10}},"skip":true},"12":{"name":"(anonymous_12)","line":169,"loc":{"start":{"line":169,"column":79},"end":{"line":172,"column":10}},"skip":true},"13":{"name":"(anonymous_13)","line":180,"loc":{"start":{"line":180,"column":75},"end":{"line":183,"column":10}},"skip":true}},"statementMap":{"1":{"start":{"line":12,"column":0},"end":{"line":195,"column":5}},"2":{"start":{"line":14,"column":4},"end":{"line":14,"column":14}},"3":{"start":{"line":19,"column":4},"end":{"line":56,"column":9}},"4":{"start":{"line":21,"column":8},"end":{"line":21,"column":19}},"5":{"start":{"line":23,"column":8},"end":{"line":35,"column":13}},"6":{"start":{"line":24,"column":12},"end":{"line":34,"column":13}},"7":{"start":{"line":25,"column":16},"end":{"line":28,"column":30}},"8":{"start":{"line":30,"column":16},"end":{"line":33,"column":27}},"9":{"start":{"line":37,"column":8},"end":{"line":39,"column":21}},"10":{"start":{"line":40,"column":8},"end":{"line":53,"column":9}},"11":{"start":{"line":43,"column":12},"end":{"line":46,"column":14}},"12":{"start":{"line":47,"column":12},"end":{"line":47,"column":18}},"13":{"start":{"line":50,"column":12},"end":{"line":51,"column":46}},"14":{"start":{"line":52,"column":12},"end":{"line":52,"column":18}},"15":{"start":{"line":55,"column":8},"end":{"line":55,"column":35}},"16":{"start":{"line":61,"column":4},"end":{"line":63,"column":9}},"17":{"start":{"line":62,"column":8},"end":{"line":62,"column":15}},"18":{"start":{"line":64,"column":4},"end":{"line":77,"column":5}},"19":{"start":{"line":70,"column":8},"end":{"line":70,"column":14}},"20":{"start":{"line":76,"column":8},"end":{"line":76,"column":14}},"21":{"start":{"line":82,"column":4},"end":{"line":84,"column":9}},"22":{"start":{"line":83,"column":8},"end":{"line":83,"column":15}},"23":{"start":{"line":85,"column":4},"end":{"line":194,"column":5}},"24":{"start":{"line":91,"column":8},"end":{"line":99,"column":10}},"25":{"start":{"line":98,"column":12},"end":{"line":98,"column":35}},"26":{"start":{"line":102,"column":8},"end":{"line":104,"column":63}},"27":{"start":{"line":105,"column":8},"end":{"line":105,"column":14}},"28":{"start":{"line":112,"column":8},"end":{"line":121,"column":10},"skip":true},"29":{"start":{"line":119,"column":12},"end":{"line":119,"column":55},"skip":true},"30":{"start":{"line":120,"column":12},"end":{"line":120,"column":48},"skip":true},"31":{"start":{"line":123,"column":8},"end":{"line":136,"column":10},"skip":true},"32":{"start":{"line":130,"column":12},"end":{"line":130,"column":76},"skip":true},"33":{"start":{"line":131,"column":12},"end":{"line":131,"column":73},"skip":true},"34":{"start":{"line":132,"column":12},"end":{"line":132,"column":74},"skip":true},"35":{"start":{"line":133,"column":12},"end":{"line":133,"column":79},"skip":true},"36":{"start":{"line":134,"column":12},"end":{"line":134,"column":25},"skip":true},"37":{"start":{"line":135,"column":12},"end":{"line":135,"column":45},"skip":true},"38":{"start":{"line":138,"column":8},"end":{"line":145,"column":14},"skip":true},"39":{"start":{"line":143,"column":16},"end":{"line":143,"column":29},"skip":true},"40":{"start":{"line":144,"column":16},"end":{"line":144,"column":55},"skip":true},"41":{"start":{"line":147,"column":8},"end":{"line":156,"column":10},"skip":true},"42":{"start":{"line":154,"column":12},"end":{"line":154,"column":25},"skip":true},"43":{"start":{"line":155,"column":12},"end":{"line":155,"column":45},"skip":true},"44":{"start":{"line":158,"column":8},"end":{"line":167,"column":10},"skip":true},"45":{"start":{"line":165,"column":12},"end":{"line":165,"column":25},"skip":true},"46":{"start":{"line":166,"column":12},"end":{"line":166,"column":48},"skip":true},"47":{"start":{"line":169,"column":8},"end":{"line":178,"column":10},"skip":true},"48":{"start":{"line":176,"column":12},"end":{"line":176,"column":25},"skip":true},"49":{"start":{"line":177,"column":12},"end":{"line":177,"column":46},"skip":true},"50":{"start":{"line":180,"column":8},"end":{"line":189,"column":10},"skip":true},"51":{"start":{"line":187,"column":12},"end":{"line":187,"column":94},"skip":true},"52":{"start":{"line":188,"column":12},"end":{"line":188,"column":48},"skip":true},"53":{"start":{"line":192,"column":8},"end":{"line":192,"column":35},"skip":true},"54":{"start":{"line":193,"column":8},"end":{"line":193,"column":14},"skip":true}},"branchMap":{"1":{"line":25,"type":"binary-expr","locations":[{"start":{"line":25,"column":23},"end":{"line":25,"column":62}},{"start":{"line":26,"column":20},"end":{"line":26,"column":70}},{"start":{"line":27,"column":20},"end":{"line":27,"column":71}},{"start":{"line":28,"column":20},"end":{"line":28,"column":29}}]},"2":{"line":30,"type":"binary-expr","locations":[{"start":{"line":30,"column":23},"end":{"line":30,"column":37}},{"start":{"line":31,"column":20},"end":{"line":31,"column":61}},{"start":{"line":32,"column":20},"end":{"line":32,"column":70}},{"start":{"line":33,"column":20},"end":{"line":33,"column":26}}]},"3":{"line":37,"type":"cond-expr","locations":[{"start":{"line":38,"column":14},"end":{"line":38,"column":20}},{"start":{"line":39,"column":14},"end":{"line":39,"column":20}}]},"4":{"line":40,"type":"switch","locations":[{"start":{"line":42,"column":8},"end":{"line":47,"column":18}},{"start":{"line":49,"column":8},"end":{"line":52,"column":18}}]},"5":{"line":44,"type":"binary-expr","locations":[{"start":{"line":44,"column":16},"end":{"line":44,"column":44}},{"start":{"line":44,"column":48},"end":{"line":44,"column":66}}]},"6":{"line":50,"type":"binary-expr","locations":[{"start":{"line":50,"column":21},"end":{"line":50,"column":49}},{"start":{"line":50,"column":53},"end":{"line":50,"column":72}}]},"7":{"line":64,"type":"switch","locations":[{"start":{"line":69,"column":4},"end":{"line":70,"column":14}},{"start":{"line":75,"column":4},"end":{"line":76,"column":14}}]},"8":{"line":85,"type":"switch","locations":[{"start":{"line":90,"column":4},"end":{"line":105,"column":14}},{"start":{"line":111,"column":4},"end":{"line":193,"column":14},"skip":true}]},"9":{"line":91,"type":"binary-expr","locations":[{"start":{"line":91,"column":42},"end":{"line":91,"column":73}},{"start":{"line":91,"column":77},"end":{"line":99,"column":9}}]},"10":{"line":102,"type":"binary-expr","locations":[{"start":{"line":102,"column":18},"end":{"line":102,"column":32}},{"start":{"line":103,"column":12},"end":{"line":103,"column":53}},{"start":{"line":104,"column":12},"end":{"line":104,"column":61}}]},"11":{"line":112,"type":"binary-expr","locations":[{"start":{"line":112,"column":45},"end":{"line":112,"column":79},"skip":true},{"start":{"line":112,"column":83},"end":{"line":121,"column":9},"skip":true}]},"12":{"line":123,"type":"binary-expr","locations":[{"start":{"line":123,"column":42},"end":{"line":123,"column":73},"skip":true},{"start":{"line":123,"column":77},"end":{"line":136,"column":9},"skip":true}]},"13":{"line":138,"type":"binary-expr","locations":[{"start":{"line":138,"column":48},"end":{"line":138,"column":85},"skip":true},{"start":{"line":139,"column":12},"end":{"line":145,"column":13},"skip":true}]},"14":{"line":147,"type":"binary-expr","locations":[{"start":{"line":147,"column":42},"end":{"line":147,"column":73},"skip":true},{"start":{"line":147,"column":77},"end":{"line":156,"column":9},"skip":true}]},"15":{"line":158,"type":"binary-expr","locations":[{"start":{"line":158,"column":45},"end":{"line":158,"column":79},"skip":true},{"start":{"line":158,"column":83},"end":{"line":167,"column":9},"skip":true}]},"16":{"line":169,"type":"binary-expr","locations":[{"start":{"line":169,"column":43},"end":{"line":169,"column":75},"skip":true},{"start":{"line":169,"column":79},"end":{"line":178,"column":9},"skip":true}]},"17":{"line":180,"type":"binary-expr","locations":[{"start":{"line":180,"column":41},"end":{"line":180,"column":71},"skip":true},{"start":{"line":180,"column":75},"end":{"line":189,"column":9},"skip":true}]}},"code":["/* istanbul instrument in package npmtest_homebridge_openhab */","/*jslint","    bitwise: true,","    browser: true,","    maxerr: 8,","    maxlen: 96,","    node: true,","    nomen: true,","    regexp: true,","    stupid: true","*/","(function () {","    'use strict';","    var local;","","","","    // run shared js-env code - pre-init","    (function () {","        // init local","        local = {};","        // init modeJs","        local.modeJs = (function () {","            try {","                return typeof navigator.userAgent === 'string' &&","                    typeof document.querySelector('body') === 'object' &&","                    typeof XMLHttpRequest.prototype.open === 'function' &&","                    'browser';","            } catch (errorCaughtBrowser) {","                return module.exports &&","                    typeof process.versions.node === 'string' &&","                    typeof require('http').createServer === 'function' &&","                    'node';","            }","        }());","        // init global","        local.global = local.modeJs === 'browser'","            ? window","            : global;","        switch (local.modeJs) {","        // re-init local from window.local","        case 'browser':","            local = local.global.utility2.objectSetDefault(","                local.global.utility2_rollup || local.global.local,","                local.global.utility2","            );","            break;","        // re-init local from example.js","        case 'node':","            local = (local.global.utility2_rollup || require('utility2'))","                .requireExampleJsFromReadme();","            break;","        }","        // export local","        local.global.local = local;","    }());","","","","    // run shared js-env code - function","    (function () {","        return;","    }());","    switch (local.modeJs) {","","","","    // run browser js-env code - function","    case 'browser':","        break;","","","","    // run node js-env code - function","    case 'node':","        break;","    }","","","","    // run shared js-env code - post-init","    (function () {","        return;","    }());","    switch (local.modeJs) {","","","","    // run browser js-env code - post-init","    case 'browser':","        local.testCase_browser_nullCase = local.testCase_browser_nullCase || function (","            options,","            onError","        ) {","        /*","         * this function will test browsers's null-case handling-behavior-behavior","         */","            onError(null, options);","        };","","        // run tests","        local.nop(local.modeTest &&","            document.querySelector('#testRunButton1') &&","            document.querySelector('#testRunButton1').click());","        break;","","","","    // run node js-env code - post-init","    /* istanbul ignore next */","    case 'node':","        local.testCase_buildApidoc_default = local.testCase_buildApidoc_default || function (","            options,","            onError","        ) {","        /*","         * this function will test buildApidoc's default handling-behavior-behavior","         */","            options = { modulePathList: module.paths };","            local.buildApidoc(options, onError);","        };","","        local.testCase_buildApp_default = local.testCase_buildApp_default || function (","            options,","            onError","        ) {","        /*","         * this function will test buildApp's default handling-behavior-behavior","         */","            local.testCase_buildReadme_default(options, local.onErrorThrow);","            local.testCase_buildLib_default(options, local.onErrorThrow);","            local.testCase_buildTest_default(options, local.onErrorThrow);","            local.testCase_buildCustomOrg_default(options, local.onErrorThrow);","            options = [];","            local.buildApp(options, onError);","        };","","        local.testCase_buildCustomOrg_default = local.testCase_buildCustomOrg_default ||","            function (options, onError) {","            /*","             * this function will test buildCustomOrg's default handling-behavior","             */","                options = {};","                local.buildCustomOrg(options, onError);","            };","","        local.testCase_buildLib_default = local.testCase_buildLib_default || function (","            options,","            onError","        ) {","        /*","         * this function will test buildLib's default handling-behavior","         */","            options = {};","            local.buildLib(options, onError);","        };","","        local.testCase_buildReadme_default = local.testCase_buildReadme_default || function (","            options,","            onError","        ) {","        /*","         * this function will test buildReadme's default handling-behavior-behavior","         */","            options = {};","            local.buildReadme(options, onError);","        };","","        local.testCase_buildTest_default = local.testCase_buildTest_default || function (","            options,","            onError","        ) {","        /*","         * this function will test buildTest's default handling-behavior","         */","            options = {};","            local.buildTest(options, onError);","        };","","        local.testCase_webpage_default = local.testCase_webpage_default || function (","            options,","            onError","        ) {","        /*","         * this function will test webpage's default handling-behavior","         */","            options = { modeCoverageMerge: true, url: local.serverLocalHost + '?modeTest=1' };","            local.browserTest(options, onError);","        };","","        // run test-server","        local.testRunServer(local);","        break;","    }","}());",""],"l":{"12":2,"14":2,"19":2,"21":2,"23":2,"24":2,"25":2,"30":1,"37":2,"40":2,"43":1,"47":1,"50":1,"52":1,"55":2,"61":2,"62":2,"64":2,"70":1,"76":1,"82":2,"83":2,"85":2,"91":1,"98":1,"102":1,"105":1,"112":1,"119":1,"120":1,"123":1,"130":1,"131":1,"132":1,"133":1,"134":1,"135":1,"138":1,"143":2,"144":2,"147":1,"154":2,"155":2,"158":1,"165":2,"166":2,"169":1,"176":2,"177":2,"180":1,"187":1,"188":1,"192":1,"193":1}},"/home/travis/build/npmtest/node-npmtest-homebridge-openhab/lib.npmtest_homebridge_openhab.js":{"path":"/home/travis/build/npmtest/node-npmtest-homebridge-openhab/lib.npmtest_homebridge_openhab.js","s":{"1":2,"2":2,"3":2,"4":2,"5":2,"6":2,"7":2,"8":1,"9":2,"10":2,"11":2,"12":2,"13":1,"14":1,"15":1,"16":1},"b":{"1":[2,1,1,1],"2":[1,1,1,1],"3":[1,1],"4":[2,2],"5":[1,1]},"f":{"1":2,"2":2,"3":2},"fnMap":{"1":{"name":"(anonymous_1)","line":12,"loc":{"start":{"line":12,"column":1},"end":{"line":12,"column":13}}},"2":{"name":"(anonymous_2)","line":19,"loc":{"start":{"line":19,"column":5},"end":{"line":19,"column":17}}},"3":{"name":"(anonymous_3)","line":23,"loc":{"start":{"line":23,"column":24},"end":{"line":23,"column":36}}}},"statementMap":{"1":{"start":{"line":12,"column":0},"end":{"line":53,"column":5}},"2":{"start":{"line":14,"column":4},"end":{"line":14,"column":14}},"3":{"start":{"line":19,"column":4},"end":{"line":52,"column":9}},"4":{"start":{"line":21,"column":8},"end":{"line":21,"column":19}},"5":{"start":{"line":23,"column":8},"end":{"line":35,"column":13}},"6":{"start":{"line":24,"column":12},"end":{"line":34,"column":13}},"7":{"start":{"line":25,"column":16},"end":{"line":28,"column":30}},"8":{"start":{"line":30,"column":16},"end":{"line":33,"column":27}},"9":{"start":{"line":37,"column":8},"end":{"line":39,"column":21}},"10":{"start":{"line":41,"column":8},"end":{"line":41,"column":54}},"11":{"start":{"line":43,"column":8},"end":{"line":43,"column":63}},"12":{"start":{"line":45,"column":8},"end":{"line":51,"column":9}},"13":{"start":{"line":46,"column":12},"end":{"line":46,"column":69}},"14":{"start":{"line":48,"column":12},"end":{"line":48,"column":35}},"15":{"start":{"line":49,"column":12},"end":{"line":49,"column":49}},"16":{"start":{"line":50,"column":12},"end":{"line":50,"column":43}}},"branchMap":{"1":{"line":25,"type":"binary-expr","locations":[{"start":{"line":25,"column":23},"end":{"line":25,"column":62}},{"start":{"line":26,"column":20},"end":{"line":26,"column":70}},{"start":{"line":27,"column":20},"end":{"line":27,"column":71}},{"start":{"line":28,"column":20},"end":{"line":28,"column":29}}]},"2":{"line":30,"type":"binary-expr","locations":[{"start":{"line":30,"column":23},"end":{"line":30,"column":37}},{"start":{"line":31,"column":20},"end":{"line":31,"column":61}},{"start":{"line":32,"column":20},"end":{"line":32,"column":70}},{"start":{"line":33,"column":20},"end":{"line":33,"column":26}}]},"3":{"line":37,"type":"cond-expr","locations":[{"start":{"line":38,"column":14},"end":{"line":38,"column":20}},{"start":{"line":39,"column":14},"end":{"line":39,"column":20}}]},"4":{"line":41,"type":"binary-expr","locations":[{"start":{"line":41,"column":16},"end":{"line":41,"column":44}},{"start":{"line":41,"column":48},"end":{"line":41,"column":53}}]},"5":{"line":45,"type":"if","locations":[{"start":{"line":45,"column":8},"end":{"line":45,"column":8}},{"start":{"line":45,"column":8},"end":{"line":45,"column":8}}]}},"code":["/* istanbul instrument in package npmtest_homebridge_openhab */","/*jslint","    bitwise: true,","    browser: true,","    maxerr: 8,","    maxlen: 96,","    node: true,","    nomen: true,","    regexp: true,","    stupid: true","*/","(function () {","    'use strict';","    var local;","","","","    // run shared js-env code - pre-init","    (function () {","        // init local","        local = {};","        // init modeJs","        local.modeJs = (function () {","            try {","                return typeof navigator.userAgent === 'string' &&","                    typeof document.querySelector('body') === 'object' &&","                    typeof XMLHttpRequest.prototype.open === 'function' &&","                    'browser';","            } catch (errorCaughtBrowser) {","                return module.exports &&","                    typeof process.versions.node === 'string' &&","                    typeof require('http').createServer === 'function' &&","                    'node';","            }","        }());","        // init global","        local.global = local.modeJs === 'browser'","            ? window","            : global;","        // init utility2_rollup","        local = local.global.utility2_rollup || local;","        // init lib","        local.local = local.npmtest_homebridge_openhab = local;","        // init exports","        if (local.modeJs === 'browser') {","            local.global.utility2_npmtest_homebridge_openhab = local;","        } else {","            module.exports = local;","            module.exports.__dirname = __dirname;","            module.exports.module = module;","        }","    }());","}());",""],"l":{"12":2,"14":2,"19":2,"21":2,"23":2,"24":2,"25":2,"30":1,"37":2,"41":2,"43":2,"45":2,"46":1,"48":1,"49":1,"50":1}},"/home/travis/build/npmtest/node-npmtest-homebridge-openhab/example.js":{"path":"/home/travis/build/npmtest/node-npmtest-homebridge-openhab/example.js","s":{"1":2,"2":2,"3":2,"4":2,"5":2,"6":2,"7":2,"8":1,"9":2,"10":2,"11":2,"12":2,"13":1,"14":2,"15":2,"16":2,"17":2,"18":2,"19":0,"20":2,"21":1,"22":1,"23":1,"24":1,"25":1,"26":0,"27":0,"28":1,"29":1,"30":2,"31":0,"32":0,"33":0,"34":1,"35":2,"36":2,"37":3,"38":3,"39":3,"40":3,"41":0,"42":3,"43":3,"44":3,"45":1,"46":3,"47":1,"48":1,"49":1,"50":1,"51":1,"52":1,"53":1,"54":1,"55":1,"56":1,"57":0,"58":1,"59":6,"60":6,"61":1,"62":2,"63":0,"64":2,"65":1,"66":1,"67":0,"68":0,"69":0,"70":0,"71":0,"72":0,"73":0,"74":0,"75":0,"76":0,"77":0,"78":0,"79":0,"80":0,"81":0,"82":0,"83":0},"b":{"1":[2,1,1,1],"2":[1,1,1,1],"3":[1,1],"4":[2,2],"5":[1,1],"6":[1,1],"7":[2,0],"8":[2,1,1,1,1,1],"9":[0,2,0],"10":[1,1],"11":[2,1,1],"12":[1,0],"13":[0,2],"14":[2,0,0,0,0,0,0],"15":[0,3],"16":[3,0],"17":[1,1],"18":[0,1],"19":[1,2,0,2],"20":[1,0],"21":[1,1],"22":[0,0],"23":[0,0],"24":[0,0],"25":[0,0],"26":[0,0],"27":[0,0],"28":[0,0]},"f":{"1":2,"2":2,"3":2,"4":2,"5":2,"6":2,"7":3,"8":3,"9":3,"10":1,"11":6,"12":0},"fnMap":{"1":{"name":"(anonymous_1)","line":26,"loc":{"start":{"line":26,"column":1},"end":{"line":26,"column":13}}},"2":{"name":"(anonymous_2)","line":33,"loc":{"start":{"line":33,"column":5},"end":{"line":33,"column":17}}},"3":{"name":"(anonymous_3)","line":37,"loc":{"start":{"line":37,"column":24},"end":{"line":37,"column":36}}},"4":{"name":"(anonymous_4)","line":69,"loc":{"start":{"line":69,"column":31},"end":{"line":69,"column":48}},"skip":true},"5":{"name":"(anonymous_5)","line":78,"loc":{"start":{"line":78,"column":26},"end":{"line":78,"column":45}},"skip":true},"6":{"name":"(anonymous_6)","line":123,"loc":{"start":{"line":123,"column":33},"end":{"line":123,"column":48}},"skip":true},"7":{"name":"(anonymous_7)","line":125,"loc":{"start":{"line":125,"column":27},"end":{"line":125,"column":39}},"skip":true},"8":{"name":"(anonymous_8)","line":133,"loc":{"start":{"line":133,"column":59},"end":{"line":133,"column":74}},"skip":true},"9":{"name":"(anonymous_9)","line":143,"loc":{"start":{"line":143,"column":45},"end":{"line":143,"column":62}},"skip":true},"10":{"name":"(anonymous_10)","line":144,"loc":{"start":{"line":144,"column":73},"end":{"line":144,"column":92}},"skip":true},"11":{"name":"(anonymous_11)","line":272,"loc":{"start":{"line":272,"column":51},"end":{"line":272,"column":77}},"skip":true},"12":{"name":"(anonymous_12)","line":315,"loc":{"start":{"line":315,"column":32},"end":{"line":315,"column":61}},"skip":true}},"statementMap":{"1":{"start":{"line":26,"column":0},"end":{"line":326,"column":5}},"2":{"start":{"line":28,"column":4},"end":{"line":28,"column":14}},"3":{"start":{"line":33,"column":4},"end":{"line":60,"column":9}},"4":{"start":{"line":35,"column":8},"end":{"line":35,"column":19}},"5":{"start":{"line":37,"column":8},"end":{"line":49,"column":13}},"6":{"start":{"line":38,"column":12},"end":{"line":48,"column":13}},"7":{"start":{"line":39,"column":16},"end":{"line":42,"column":30}},"8":{"start":{"line":44,"column":16},"end":{"line":47,"column":27}},"9":{"start":{"line":51,"column":8},"end":{"line":53,"column":21}},"10":{"start":{"line":55,"column":8},"end":{"line":57,"column":45}},"11":{"start":{"line":59,"column":8},"end":{"line":59,"column":35}},"12":{"start":{"line":61,"column":4},"end":{"line":325,"column":5}},"13":{"start":{"line":69,"column":8},"end":{"line":121,"column":10},"skip":true},"14":{"start":{"line":70,"column":12},"end":{"line":88,"column":13},"skip":true},"15":{"start":{"line":76,"column":16},"end":{"line":87,"column":19},"skip":true},"16":{"start":{"line":79,"column":20},"end":{"line":86,"column":21},"skip":true},"17":{"start":{"line":82,"column":24},"end":{"line":82,"column":43},"skip":true},"18":{"start":{"line":83,"column":24},"end":{"line":83,"column":30},"skip":true},"19":{"start":{"line":85,"column":24},"end":{"line":85,"column":49},"skip":true},"20":{"start":{"line":89,"column":12},"end":{"line":107,"column":13},"skip":true},"21":{"start":{"line":92,"column":16},"end":{"line":102,"column":17},"skip":true},"22":{"start":{"line":93,"column":20},"end":{"line":93,"column":86},"skip":true},"23":{"start":{"line":94,"column":20},"end":{"line":95,"column":45},"skip":true},"24":{"start":{"line":96,"column":20},"end":{"line":96,"column":42},"skip":true},"25":{"start":{"line":97,"column":20},"end":{"line":97,"column":48},"skip":true},"26":{"start":{"line":100,"column":20},"end":{"line":100,"column":85},"skip":true},"27":{"start":{"line":101,"column":20},"end":{"line":101,"column":96},"skip":true},"28":{"start":{"line":103,"column":16},"end":{"line":103,"column":22},"skip":true},"29":{"start":{"line":106,"column":16},"end":{"line":106,"column":22},"skip":true},"30":{"start":{"line":108,"column":12},"end":{"line":120,"column":13},"skip":true},"31":{"start":{"line":114,"column":16},"end":{"line":119,"column":17},"skip":true},"32":{"start":{"line":116,"column":20},"end":{"line":116,"column":78},"skip":true},"33":{"start":{"line":118,"column":20},"end":{"line":118,"column":47},"skip":true},"34":{"start":{"line":123,"column":8},"end":{"line":141,"column":11},"skip":true},"35":{"start":{"line":124,"column":12},"end":{"line":124,"column":54},"skip":true},"36":{"start":{"line":125,"column":12},"end":{"line":140,"column":14},"skip":true},"37":{"start":{"line":126,"column":16},"end":{"line":126,"column":28},"skip":true},"38":{"start":{"line":127,"column":16},"end":{"line":127,"column":69},"skip":true},"39":{"start":{"line":128,"column":16},"end":{"line":128,"column":75},"skip":true},"40":{"start":{"line":129,"column":16},"end":{"line":131,"column":17},"skip":true},"41":{"start":{"line":130,"column":20},"end":{"line":130,"column":27},"skip":true},"42":{"start":{"line":133,"column":16},"end":{"line":137,"column":36},"skip":true},"43":{"start":{"line":134,"column":20},"end":{"line":136,"column":55},"skip":true},"44":{"start":{"line":139,"column":16},"end":{"line":139,"column":57},"skip":true},"45":{"start":{"line":143,"column":8},"end":{"line":147,"column":11},"skip":true},"46":{"start":{"line":144,"column":12},"end":{"line":146,"column":15},"skip":true},"47":{"start":{"line":145,"column":16},"end":{"line":145,"column":70},"skip":true},"48":{"start":{"line":149,"column":8},"end":{"line":149,"column":31},"skip":true},"49":{"start":{"line":150,"column":8},"end":{"line":150,"column":14},"skip":true},"50":{"start":{"line":158,"column":8},"end":{"line":158,"column":31},"skip":true},"51":{"start":{"line":160,"column":8},"end":{"line":160,"column":33},"skip":true},"52":{"start":{"line":161,"column":8},"end":{"line":161,"column":37},"skip":true},"53":{"start":{"line":162,"column":8},"end":{"line":162,"column":35},"skip":true},"54":{"start":{"line":164,"column":8},"end":{"line":164,"column":50},"skip":true},"55":{"start":{"line":166,"column":8},"end":{"line":256,"column":2},"skip":true},"56":{"start":{"line":258,"column":8},"end":{"line":286,"column":9},"skip":true},"57":{"start":{"line":259,"column":12},"end":{"line":269,"column":14},"skip":true},"58":{"start":{"line":271,"column":12},"end":{"line":285,"column":19},"skip":true},"59":{"start":{"line":274,"column":20},"end":{"line":274,"column":35},"skip":true},"60":{"start":{"line":275,"column":20},"end":{"line":284,"column":21},"skip":true},"61":{"start":{"line":277,"column":24},"end":{"line":277,"column":64},"skip":true},"62":{"start":{"line":279,"column":24},"end":{"line":279,"column":40},"skip":true},"63":{"start":{"line":281,"column":24},"end":{"line":281,"column":40},"skip":true},"64":{"start":{"line":283,"column":24},"end":{"line":283,"column":39},"skip":true},"65":{"start":{"line":288,"column":8},"end":{"line":290,"column":9},"skip":true},"66":{"start":{"line":289,"column":12},"end":{"line":289,"column":18},"skip":true},"67":{"start":{"line":291,"column":8},"end":{"line":293,"column":54},"skip":true},"68":{"start":{"line":296,"column":8},"end":{"line":301,"column":37},"skip":true},"69":{"start":{"line":303,"column":8},"end":{"line":303,"column":82},"skip":true},"70":{"start":{"line":306,"column":8},"end":{"line":308,"column":9},"skip":true},"71":{"start":{"line":307,"column":12},"end":{"line":307,"column":82},"skip":true},"72":{"start":{"line":310,"column":8},"end":{"line":312,"column":9},"skip":true},"73":{"start":{"line":311,"column":12},"end":{"line":311,"column":18},"skip":true},"74":{"start":{"line":313,"column":8},"end":{"line":313,"column":54},"skip":true},"75":{"start":{"line":314,"column":8},"end":{"line":314,"column":69},"skip":true},"76":{"start":{"line":315,"column":8},"end":{"line":323,"column":36},"skip":true},"77":{"start":{"line":316,"column":12},"end":{"line":316,"column":61},"skip":true},"78":{"start":{"line":317,"column":12},"end":{"line":320,"column":13},"skip":true},"79":{"start":{"line":318,"column":16},"end":{"line":318,"column":75},"skip":true},"80":{"start":{"line":319,"column":16},"end":{"line":319,"column":23},"skip":true},"81":{"start":{"line":321,"column":12},"end":{"line":321,"column":38},"skip":true},"82":{"start":{"line":322,"column":12},"end":{"line":322,"column":27},"skip":true},"83":{"start":{"line":324,"column":8},"end":{"line":324,"column":14},"skip":true}},"branchMap":{"1":{"line":39,"type":"binary-expr","locations":[{"start":{"line":39,"column":23},"end":{"line":39,"column":62}},{"start":{"line":40,"column":20},"end":{"line":40,"column":70}},{"start":{"line":41,"column":20},"end":{"line":41,"column":71}},{"start":{"line":42,"column":20},"end":{"line":42,"column":29}}]},"2":{"line":44,"type":"binary-expr","locations":[{"start":{"line":44,"column":23},"end":{"line":44,"column":37}},{"start":{"line":45,"column":20},"end":{"line":45,"column":61}},{"start":{"line":46,"column":20},"end":{"line":46,"column":70}},{"start":{"line":47,"column":20},"end":{"line":47,"column":26}}]},"3":{"line":51,"type":"cond-expr","locations":[{"start":{"line":52,"column":14},"end":{"line":52,"column":20}},{"start":{"line":53,"column":14},"end":{"line":53,"column":20}}]},"4":{"line":55,"type":"binary-expr","locations":[{"start":{"line":55,"column":16},"end":{"line":55,"column":44}},{"start":{"line":55,"column":49},"end":{"line":57,"column":43}}]},"5":{"line":55,"type":"cond-expr","locations":[{"start":{"line":56,"column":14},"end":{"line":56,"column":62}},{"start":{"line":57,"column":14},"end":{"line":57,"column":43}}]},"6":{"line":61,"type":"switch","locations":[{"start":{"line":68,"column":4},"end":{"line":150,"column":14},"skip":true},{"start":{"line":156,"column":4},"end":{"line":324,"column":14},"skip":true}]},"7":{"line":70,"type":"if","locations":[{"start":{"line":70,"column":12},"end":{"line":70,"column":12},"skip":true},{"start":{"line":70,"column":12},"end":{"line":70,"column":12},"skip":true}]},"8":{"line":70,"type":"binary-expr","locations":[{"start":{"line":70,"column":16},"end":{"line":70,"column":22},"skip":true},{"start":{"line":70,"column":27},"end":{"line":70,"column":32},"skip":true},{"start":{"line":71,"column":20},"end":{"line":71,"column":39},"skip":true},{"start":{"line":72,"column":20},"end":{"line":72,"column":49},"skip":true},{"start":{"line":73,"column":20},"end":{"line":73,"column":58},"skip":true},{"start":{"line":74,"column":20},"end":{"line":74,"column":69},"skip":true}]},"9":{"line":79,"type":"switch","locations":[{"start":{"line":80,"column":20},"end":{"line":80,"column":33},"skip":true},{"start":{"line":81,"column":20},"end":{"line":83,"column":30},"skip":true},{"start":{"line":84,"column":20},"end":{"line":85,"column":49},"skip":true}]},"10":{"line":89,"type":"switch","locations":[{"start":{"line":90,"column":12},"end":{"line":103,"column":22},"skip":true},{"start":{"line":105,"column":12},"end":{"line":106,"column":22},"skip":true}]},"11":{"line":89,"type":"binary-expr","locations":[{"start":{"line":89,"column":20},"end":{"line":89,"column":25},"skip":true},{"start":{"line":89,"column":29},"end":{"line":89,"column":48},"skip":true},{"start":{"line":89,"column":52},"end":{"line":89,"column":74},"skip":true}]},"12":{"line":92,"type":"if","locations":[{"start":{"line":92,"column":16},"end":{"line":92,"column":16},"skip":true},{"start":{"line":92,"column":16},"end":{"line":92,"column":16},"skip":true}]},"13":{"line":108,"type":"if","locations":[{"start":{"line":108,"column":12},"end":{"line":108,"column":12},"skip":true},{"start":{"line":108,"column":12},"end":{"line":108,"column":12},"skip":true}]},"14":{"line":108,"type":"binary-expr","locations":[{"start":{"line":108,"column":16},"end":{"line":108,"column":61},"skip":true},{"start":{"line":108,"column":66},"end":{"line":108,"column":72},"skip":true},{"start":{"line":108,"column":77},"end":{"line":108,"column":82},"skip":true},{"start":{"line":109,"column":20},"end":{"line":109,"column":39},"skip":true},{"start":{"line":110,"column":20},"end":{"line":110,"column":49},"skip":true},{"start":{"line":111,"column":20},"end":{"line":111,"column":58},"skip":true},{"start":{"line":112,"column":20},"end":{"line":112,"column":68},"skip":true}]},"15":{"line":129,"type":"if","locations":[{"start":{"line":129,"column":16},"end":{"line":129,"column":16},"skip":true},{"start":{"line":129,"column":16},"end":{"line":129,"column":16},"skip":true}]},"16":{"line":134,"type":"cond-expr","locations":[{"start":{"line":135,"column":26},"end":{"line":135,"column":29},"skip":true},{"start":{"line":136,"column":26},"end":{"line":136,"column":54},"skip":true}]},"17":{"line":164,"type":"binary-expr","locations":[{"start":{"line":164,"column":27},"end":{"line":164,"column":43},"skip":true},{"start":{"line":164,"column":47},"end":{"line":164,"column":49},"skip":true}]},"18":{"line":258,"type":"if","locations":[{"start":{"line":258,"column":8},"end":{"line":258,"column":8},"skip":true},{"start":{"line":258,"column":8},"end":{"line":258,"column":8},"skip":true}]},"19":{"line":275,"type":"switch","locations":[{"start":{"line":276,"column":20},"end":{"line":277,"column":64},"skip":true},{"start":{"line":278,"column":20},"end":{"line":279,"column":40},"skip":true},{"start":{"line":280,"column":20},"end":{"line":281,"column":40},"skip":true},{"start":{"line":282,"column":20},"end":{"line":283,"column":39},"skip":true}]},"20":{"line":288,"type":"if","locations":[{"start":{"line":288,"column":8},"end":{"line":288,"column":8},"skip":true},{"start":{"line":288,"column":8},"end":{"line":288,"column":8},"skip":true}]},"21":{"line":288,"type":"binary-expr","locations":[{"start":{"line":288,"column":12},"end":{"line":288,"column":40},"skip":true},{"start":{"line":288,"column":44},"end":{"line":288,"column":67},"skip":true}]},"22":{"line":292,"type":"binary-expr","locations":[{"start":{"line":292,"column":12},"end":{"line":292,"column":50},"skip":true},{"start":{"line":293,"column":12},"end":{"line":293,"column":53},"skip":true}]},"23":{"line":297,"type":"binary-expr","locations":[{"start":{"line":297,"column":12},"end":{"line":297,"column":76},"skip":true},{"start":{"line":298,"column":12},"end":{"line":301,"column":36},"skip":true}]},"24":{"line":303,"type":"binary-expr","locations":[{"start":{"line":303,"column":43},"end":{"line":303,"column":75},"skip":true},{"start":{"line":303,"column":79},"end":{"line":303,"column":81},"skip":true}]},"25":{"line":306,"type":"if","locations":[{"start":{"line":306,"column":8},"end":{"line":306,"column":8},"skip":true},{"start":{"line":306,"column":8},"end":{"line":306,"column":8},"skip":true}]},"26":{"line":310,"type":"if","locations":[{"start":{"line":310,"column":8},"end":{"line":310,"column":8},"skip":true},{"start":{"line":310,"column":8},"end":{"line":310,"column":8},"skip":true}]},"27":{"line":313,"type":"binary-expr","locations":[{"start":{"line":313,"column":27},"end":{"line":313,"column":43},"skip":true},{"start":{"line":313,"column":47},"end":{"line":313,"column":53},"skip":true}]},"28":{"line":317,"type":"if","locations":[{"start":{"line":317,"column":12},"end":{"line":317,"column":12},"skip":true},{"start":{"line":317,"column":12},"end":{"line":317,"column":12},"skip":true}]}},"code":["/*","example.js","","quickstart example","","instruction","    1. save this script as example.js","    2. run the shell command:","        $ npm install npmtest-homebridge-openhab && PORT=8081 node example.js","    3. play with the browser-demo on http://127.0.0.1:8081","*/","","","","/* istanbul instrument in package npmtest_homebridge_openhab */","/*jslint","    bitwise: true,","    browser: true,","    maxerr: 8,","    maxlen: 96,","    node: true,","    nomen: true,","    regexp: true,","    stupid: true","*/","(function () {","    'use strict';","    var local;","","","","    // run shared js-env code - pre-init","    (function () {","        // init local","        local = {};","        // init modeJs","        local.modeJs = (function () {","            try {","                return typeof navigator.userAgent === 'string' &&","                    typeof document.querySelector('body') === 'object' &&","                    typeof XMLHttpRequest.prototype.open === 'function' &&","                    'browser';","            } catch (errorCaughtBrowser) {","                return module.exports &&","                    typeof process.versions.node === 'string' &&","                    typeof require('http').createServer === 'function' &&","                    'node';","            }","        }());","        // init global","        local.global = local.modeJs === 'browser'","            ? window","            : global;","        // init utility2_rollup","        local = local.global.utility2_rollup || (local.modeJs === 'browser'","            ? local.global.utility2_npmtest_homebridge_openhab","            : global.utility2_moduleExports);","        // export local","        local.global.local = local;","    }());","    switch (local.modeJs) {","","","","    // post-init","    // run browser js-env code - post-init","    /* istanbul ignore next */","    case 'browser':","        local.testRunBrowser = function (event) {","            if (!event || (event &&","                    event.currentTarget &&","                    event.currentTarget.className &&","                    event.currentTarget.className.includes &&","                    event.currentTarget.className.includes('onreset'))) {","                // reset output","                Array.from(","                    document.querySelectorAll('body > .resettable')","                ).forEach(function (element) {","                    switch (element.tagName) {","                    case 'INPUT':","                    case 'TEXTAREA':","                        element.value = '';","                        break;","                    default:","                        element.textContent = '';","                    }","                });","            }","            switch (event && event.currentTarget && event.currentTarget.id) {","            case 'testRunButton1':","                // show tests","                if (document.querySelector('#testReportDiv1').style.display === 'none') {","                    document.querySelector('#testReportDiv1').style.display = 'block';","                    document.querySelector('#testRunButton1').textContent =","                        'hide internal test';","                    local.modeTest = true;","                    local.testRunDefault(local);","                // hide tests","                } else {","                    document.querySelector('#testReportDiv1').style.display = 'none';","                    document.querySelector('#testRunButton1').textContent = 'run internal test';","                }","                break;","            // custom-case","            default:","                break;","            }","            if (document.querySelector('#inputTextareaEval1') && (!event || (event &&","                    event.currentTarget &&","                    event.currentTarget.className &&","                    event.currentTarget.className.includes &&","                    event.currentTarget.className.includes('oneval')))) {","                // try to eval input-code","                try {","                    /*jslint evil: true*/","                    eval(document.querySelector('#inputTextareaEval1').value);","                } catch (errorCaught) {","                    console.error(errorCaught);","                }","            }","        };","        // log stderr and stdout to #outputTextareaStdout1","        ['error', 'log'].forEach(function (key) {","            console[key + '_original'] = console[key];","            console[key] = function () {","                var element;","                console[key + '_original'].apply(console, arguments);","                element = document.querySelector('#outputTextareaStdout1');","                if (!element) {","                    return;","                }","                // append text to #outputTextareaStdout1","                element.value += Array.from(arguments).map(function (arg) {","                    return typeof arg === 'string'","                        ? arg","                        : JSON.stringify(arg, null, 4);","                }).join(' ') + '\\n';","                // scroll textarea to bottom","                element.scrollTop = element.scrollHeight;","            };","        });","        // init event-handling","        ['change', 'click', 'keyup'].forEach(function (event) {","            Array.from(document.querySelectorAll('.on' + event)).forEach(function (element) {","                element.addEventListener(event, local.testRunBrowser);","            });","        });","        // run tests","        local.testRunBrowser();","        break;","","","","    // run node js-env code - post-init","    /* istanbul ignore next */","    case 'node':","        // export local","        module.exports = local;","        // require modules","        local.fs = require('fs');","        local.http = require('http');","        local.url = require('url');","        // init assets","        local.assetsDict = local.assetsDict || {};","        /* jslint-ignore-begin */","        local.assetsDict['/assets.index.template.html'] = '\\","<!doctype html>\\n\\","<html lang=\"en\">\\n\\","<head>\\n\\","<meta charset=\"UTF-8\">\\n\\","<meta name=\"viewport\" content=\"width=device-width, initial-scale=1\">\\n\\","<title>{{env.npm_package_name}} (v{{env.npm_package_version}})</title>\\n\\","<style>\\n\\","/*csslint\\n\\","    box-sizing: false,\\n\\","    universal-selector: false\\n\\","*/\\n\\","* {\\n\\","    box-sizing: border-box;\\n\\","}\\n\\","body {\\n\\","    background: #dde;\\n\\","    font-family: Arial, Helvetica, sans-serif;\\n\\","    margin: 2rem;\\n\\","}\\n\\","body > * {\\n\\","    margin-bottom: 1rem;\\n\\","}\\n\\",".utility2FooterDiv {\\n\\","    margin-top: 20px;\\n\\","    text-align: center;\\n\\","}\\n\\","</style>\\n\\","<style>\\n\\","/*csslint\\n\\","*/\\n\\","textarea {\\n\\","    font-family: monospace;\\n\\","    height: 10rem;\\n\\","    width: 100%;\\n\\","}\\n\\","textarea[readonly] {\\n\\","    background: #ddd;\\n\\","}\\n\\","</style>\\n\\","</head>\\n\\","<body>\\n\\","<!-- utility2-comment\\n\\","<div id=\"ajaxProgressDiv1\" style=\"background: #d00; height: 2px; left: 0; margin: 0; padding: 0; position: fixed; top: 0; transition: background 0.5s, width 1.5s; width: 25%;\"></div>\\n\\","utility2-comment -->\\n\\","<h1>\\n\\","<!-- utility2-comment\\n\\","    <a\\n\\","        {{#if env.npm_package_homepage}}\\n\\","        href=\"{{env.npm_package_homepage}}\"\\n\\","        {{/if env.npm_package_homepage}}\\n\\","        target=\"_blank\"\\n\\","    >\\n\\","utility2-comment -->\\n\\","        {{env.npm_package_name}} (v{{env.npm_package_version}})\\n\\","<!-- utility2-comment\\n\\","    </a>\\n\\","utility2-comment -->\\n\\","</h1>\\n\\","<h3>{{env.npm_package_description}}</h3>\\n\\","<!-- utility2-comment\\n\\","<h4><a download href=\"assets.app.js\">download standalone app</a></h4>\\n\\","<button class=\"onclick onreset\" id=\"testRunButton1\">run internal test</button><br>\\n\\","<div id=\"testReportDiv1\" style=\"display: none;\"></div>\\n\\","utility2-comment -->\\n\\","\\n\\","\\n\\","\\n\\","<label>stderr and stdout</label>\\n\\","<textarea class=\"resettable\" id=\"outputTextareaStdout1\" readonly></textarea>\\n\\","<!-- utility2-comment\\n\\","{{#if isRollup}}\\n\\","<script src=\"assets.app.js\"></script>\\n\\","{{#unless isRollup}}\\n\\","utility2-comment -->\\n\\","<script src=\"assets.utility2.rollup.js\"></script>\\n\\","<script src=\"jsonp.utility2._stateInit?callback=window.utility2._stateInit\"></script>\\n\\","<script src=\"assets.npmtest_homebridge_openhab.rollup.js\"></script>\\n\\","<script src=\"assets.example.js\"></script>\\n\\","<script src=\"assets.test.js\"></script>\\n\\","<!-- utility2-comment\\n\\","{{/if isRollup}}\\n\\","utility2-comment -->\\n\\","<div class=\"utility2FooterDiv\">\\n\\","    [ this app was created with\\n\\","    <a href=\"https://github.com/kaizhu256/node-utility2\" target=\"_blank\">utility2</a>\\n\\","    ]\\n\\","</div>\\n\\","</body>\\n\\","</html>\\n\\","';","        /* jslint-ignore-end */","        if (local.templateRender) {","            local.assetsDict['/'] = local.templateRender(","                local.assetsDict['/assets.index.template.html'],","                {","                    env: local.objectSetDefault(local.env, {","                        npm_package_description: 'the greatest app in the world!',","                        npm_package_name: 'my-app',","                        npm_package_nameAlias: 'my_app',","                        npm_package_version: '0.0.1'","                    })","                }","            );","        } else {","            local.assetsDict['/'] = local.assetsDict['/assets.index.template.html']","                .replace((/\\{\\{env\\.(\\w+?)\\}\\}/g), function (match0, match1) {","                    // jslint-hack","                    String(match0);","                    switch (match1) {","                    case 'npm_package_description':","                        return 'the greatest app in the world!';","                    case 'npm_package_name':","                        return 'my-app';","                    case 'npm_package_nameAlias':","                        return 'my_app';","                    case 'npm_package_version':","                        return '0.0.1';","                    }","                });","        }","        // run the cli","        if (local.global.utility2_rollup || module !== require.main) {","            break;","        }","        local.assetsDict['/assets.example.js'] =","            local.assetsDict['/assets.example.js'] ||","            local.fs.readFileSync(__filename, 'utf8');","        // bug-workaround - long $npm_package_buildCustomOrg","        /* jslint-ignore-begin */","        local.assetsDict['/assets.npmtest_homebridge_openhab.rollup.js'] =","            local.assetsDict['/assets.npmtest_homebridge_openhab.rollup.js'] ||","            local.fs.readFileSync(","                local.npmtest_homebridge_openhab.__dirname + '/lib.npmtest_homebridge_openhab.js',","                'utf8'","            ).replace((/^#!/), '//');","        /* jslint-ignore-end */","        local.assetsDict['/favicon.ico'] = local.assetsDict['/favicon.ico'] || '';","        // if $npm_config_timeout_exit exists,","        // then exit this process after $npm_config_timeout_exit ms","        if (Number(process.env.npm_config_timeout_exit)) {","            setTimeout(process.exit, Number(process.env.npm_config_timeout_exit));","        }","        // start server","        if (local.global.utility2_serverHttp1) {","            break;","        }","        process.env.PORT = process.env.PORT || '8081';","        console.error('server starting on port ' + process.env.PORT);","        local.http.createServer(function (request, response) {","            request.urlParsed = local.url.parse(request.url);","            if (local.assetsDict[request.urlParsed.pathname] !== undefined) {","                response.end(local.assetsDict[request.urlParsed.pathname]);","                return;","            }","            response.statusCode = 404;","            response.end();","        }).listen(process.env.PORT);","        break;","    }","}());",""],"l":{"26":2,"28":2,"33":2,"35":2,"37":2,"38":2,"39":2,"44":1,"51":2,"55":2,"59":2,"61":2,"69":1,"70":2,"76":2,"79":2,"82":2,"83":2,"85":1,"89":2,"92":1,"93":1,"94":1,"96":1,"97":1,"100":1,"101":1,"103":1,"106":1,"108":2,"114":1,"116":1,"118":1,"123":1,"124":2,"125":2,"126":3,"127":3,"128":3,"129":3,"130":1,"133":3,"134":3,"139":3,"143":1,"144":3,"145":1,"149":1,"150":1,"158":1,"160":1,"161":1,"162":1,"164":1,"166":1,"258":1,"259":1,"271":1,"274":6,"275":6,"277":1,"279":2,"281":1,"283":2,"288":1,"289":1,"291":1,"296":1,"303":1,"306":1,"307":1,"310":1,"311":1,"313":1,"314":1,"315":1,"316":1,"317":1,"318":1,"319":1,"321":1,"322":1,"324":1}},"/home/travis/build/npmtest/node-npmtest-homebridge-openhab/node_modules/homebridge-openhab/index.js":{"path":"/home/travis/build/npmtest/node-npmtest-homebridge-openhab/node_modules/homebridge-openhab/index.js","s":{"1":1,"2":1,"3":1,"4":1,"5":1,"6":0,"7":0,"8":0,"9":0,"10":0,"11":0,"12":0,"13":0,"14":0,"15":0,"16":0,"17":0,"18":0,"19":0,"20":0,"21":0,"22":1,"23":0,"24":0,"25":0,"26":0,"27":0,"28":0,"29":0,"30":0,"31":0,"32":0,"33":0,"34":0,"35":0,"36":0,"37":1,"38":0,"39":0,"40":0,"41":0,"42":0,"43":0,"44":0,"45":0,"46":0},"b":{"1":[0,0],"2":[0,0],"3":[0,0],"4":[0,0],"5":[0,0]},"f":{"1":0,"2":0,"3":0,"4":0},"fnMap":{"1":{"name":"(anonymous_1)","line":51,"loc":{"start":{"line":51,"column":17},"end":{"line":51,"column":38}}},"2":{"name":"OpenHABPlatform","line":74,"loc":{"start":{"line":74,"column":0},"end":{"line":74,"column":37}}},"3":{"name":"(anonymous_3)","line":95,"loc":{"start":{"line":95,"column":40},"end":{"line":95,"column":59}}},"4":{"name":"(anonymous_4)","line":104,"loc":{"start":{"line":104,"column":7},"end":{"line":104,"column":37}}}},"statementMap":{"1":{"start":{"line":44,"column":0},"end":{"line":44,"column":26}},"2":{"start":{"line":45,"column":0},"end":{"line":45,"column":33}},"3":{"start":{"line":46,"column":0},"end":{"line":46,"column":51}},"4":{"start":{"line":47,"column":0},"end":{"line":47,"column":43}},"5":{"start":{"line":51,"column":0},"end":{"line":70,"column":2}},"6":{"start":{"line":52,"column":4},"end":{"line":52,"column":41}},"7":{"start":{"line":53,"column":4},"end":{"line":53,"column":28}},"8":{"start":{"line":55,"column":4},"end":{"line":55,"column":62}},"9":{"start":{"line":56,"column":4},"end":{"line":56,"column":75}},"10":{"start":{"line":57,"column":4},"end":{"line":57,"column":76}},"11":{"start":{"line":58,"column":4},"end":{"line":58,"column":70}},"12":{"start":{"line":59,"column":4},"end":{"line":59,"column":73}},"13":{"start":{"line":60,"column":4},"end":{"line":60,"column":75}},"14":{"start":{"line":61,"column":4},"end":{"line":61,"column":82}},"15":{"start":{"line":62,"column":4},"end":{"line":62,"column":86}},"16":{"start":{"line":63,"column":4},"end":{"line":63,"column":84}},"17":{"start":{"line":64,"column":4},"end":{"line":64,"column":76}},"18":{"start":{"line":65,"column":4},"end":{"line":65,"column":80}},"19":{"start":{"line":66,"column":4},"end":{"line":66,"column":89}},"20":{"start":{"line":67,"column":4},"end":{"line":67,"column":79}},"21":{"start":{"line":69,"column":4},"end":{"line":69,"column":82}},"22":{"start":{"line":74,"column":0},"end":{"line":93,"column":1}},"23":{"start":{"line":75,"column":4},"end":{"line":75,"column":24}},"24":{"start":{"line":76,"column":4},"end":{"line":76,"column":35}},"25":{"start":{"line":77,"column":4},"end":{"line":77,"column":39}},"26":{"start":{"line":78,"column":4},"end":{"line":78,"column":35}},"27":{"start":{"line":79,"column":4},"end":{"line":79,"column":35}},"28":{"start":{"line":80,"column":4},"end":{"line":80,"column":27}},"29":{"start":{"line":81,"column":4},"end":{"line":81,"column":27}},"30":{"start":{"line":82,"column":4},"end":{"line":84,"column":5}},"31":{"start":{"line":83,"column":8},"end":{"line":83,"column":57}},"32":{"start":{"line":85,"column":4},"end":{"line":87,"column":5}},"33":{"start":{"line":86,"column":8},"end":{"line":86,"column":41}},"34":{"start":{"line":88,"column":4},"end":{"line":92,"column":5}},"35":{"start":{"line":89,"column":8},"end":{"line":89,"column":49}},"36":{"start":{"line":91,"column":8},"end":{"line":91,"column":30}},"37":{"start":{"line":95,"column":0},"end":{"line":111,"column":2}},"38":{"start":{"line":96,"column":4},"end":{"line":96,"column":20}},"39":{"start":{"line":97,"column":4},"end":{"line":97,"column":53}},"40":{"start":{"line":98,"column":4},"end":{"line":98,"column":63}},"41":{"start":{"line":99,"column":4},"end":{"line":99,"column":39}},"42":{"start":{"line":100,"column":4},"end":{"line":100,"column":48}},"43":{"start":{"line":101,"column":4},"end":{"line":110,"column":7}},"44":{"start":{"line":105,"column":8},"end":{"line":109,"column":9}},"45":{"start":{"line":106,"column":12},"end":{"line":106,"column":53}},"46":{"start":{"line":108,"column":12},"end":{"line":108,"column":78}}},"branchMap":{"1":{"line":82,"type":"if","locations":[{"start":{"line":82,"column":4},"end":{"line":82,"column":4}},{"start":{"line":82,"column":4},"end":{"line":82,"column":4}}]},"2":{"line":85,"type":"if","locations":[{"start":{"line":85,"column":4},"end":{"line":85,"column":4}},{"start":{"line":85,"column":4},"end":{"line":85,"column":4}}]},"3":{"line":88,"type":"if","locations":[{"start":{"line":88,"column":4},"end":{"line":88,"column":4}},{"start":{"line":88,"column":4},"end":{"line":88,"column":4}}]},"4":{"line":105,"type":"if","locations":[{"start":{"line":105,"column":8},"end":{"line":105,"column":8}},{"start":{"line":105,"column":8},"end":{"line":105,"column":8}}]},"5":{"line":105,"type":"binary-expr","locations":[{"start":{"line":105,"column":12},"end":{"line":105,"column":16}},{"start":{"line":105,"column":20},"end":{"line":105,"column":46}}]}},"code":["// OpenHAB 1 Platform for HomeBridge","// Written by Tommaso Marchionni","// Based on many of the other HomeBridge platform modules","//","// Revisions:","//","// 17 October 2015 [tommasomarchionni]","// - Initial release","//","// 25 October 2015 [tommasomarchionni]","// - Added WS listener and new OOP structure","//","// 5 December 2015 [tommasomarchionni]","// - Adapted for new plugin system","//","// 14 December 2015 [tommasomarchionni]","// - Added temperature sensor item","// - Added switch item,lightbulb item and fan item","//","// 16 December 2015 [tommasomarchionni]","// - Added the possibility to load every type of sitemap","// - Added skipItem in customAttr to avoid to load item in Homekit catalog","// - Added outlet item","//","// 17 December 2015 [tommasomarchionni]","// - Added contact item","//","// 11 February 2016 [tommasomarchionni]","// - Experimental support for Thermostat","//","// 12 February 2016 [tommasomarchionni]","// - Added support for humidity in Thermostat","//","// Rollershutter is tested with this binding in OpenHAB:","// command=SWITCH_MULTILEVEL,invert_percent=true,invert_state=false\"","// When you attempt to add a device, it will ask for a \"PIN code\".","// The default code for all HomeBridge accessories is 031-45-154.","//","","'use strict';","","//////// LIBS /////////","","var Homebridge, Accessory;","var request = require(\"request\");","var ItemFactory = require('./libs/ItemFactory.js');","var Utility = require('./libs/Utility.js');","","//////// EXPORTS /////////","","module.exports = function(homebridge) {","    Accessory = homebridge.hap.Accessory;","    Homebridge = homebridge;","","    Utility.addSupportTo(ItemFactory.AbstractItem, Accessory);","    Utility.addSupportTo(ItemFactory.SwitchItem, ItemFactory.AbstractItem);","    Utility.addSupportTo(ItemFactory.LightbulbItem, ItemFactory.SwitchItem);","    Utility.addSupportTo(ItemFactory.FanItem, ItemFactory.SwitchItem);","    Utility.addSupportTo(ItemFactory.OutletItem, ItemFactory.SwitchItem);","    Utility.addSupportTo(ItemFactory.DimmerItem, ItemFactory.AbstractItem);","    Utility.addSupportTo(ItemFactory.RollershutterItem, ItemFactory.AbstractItem);","    Utility.addSupportTo(ItemFactory.TemperatureSensorItem, ItemFactory.AbstractItem);","    Utility.addSupportTo(ItemFactory.NumberItem, ItemFactory.TemperatureSensorItem);","    Utility.addSupportTo(ItemFactory.ContactItem, ItemFactory.AbstractItem);","    Utility.addSupportTo(ItemFactory.MotionSensorItem, ItemFactory.ContactItem);","    Utility.addSupportTo(ItemFactory.LightSensorItem, ItemFactory.TemperatureSensorItem); //TODO ricontrollare","    Utility.addSupportTo(ItemFactory.ThermostatItem, ItemFactory.AbstractItem);","","    homebridge.registerPlatform(\"homebridge-openhab\", \"openHAB\", OpenHABPlatform);","};","","//////// PLATFORM /////////","","function OpenHABPlatform(log, config){","    this.log      = log;","    this.user     = config[\"user\"];","    this.password = config[\"password\"];","    this.host     = config[\"host\"];","    this.port     = config[\"port\"];","    this.protocol = \"http\";","    this.sitemap  = \"demo\";","    if (typeof config[\"useLabelForName\"] != 'undefined') {","        this.useLabelForName = config[\"useLabelForName\"];","    }","    if (typeof config[\"sitemap\"] != 'undefined') {","        this.sitemap = config[\"sitemap\"];","    }","    if (typeof config[\"customAttrs\"] != 'undefined') {","        this.customAttrs = config[\"customAttrs\"];","    } else {","        this.customAttrs = [];","    }","}","","OpenHABPlatform.prototype.accessories = function(callback) {","    var that = this;","    this.log(\"Platform - Fetching OpenHAB devices.\");","    var itemFactory = new ItemFactory.Factory(this,Homebridge);","    var url = itemFactory.sitemapUrl();","    this.log(\"Platform - Connecting to \" + url);","    request.get({","        url: url,","        json: true","    }, function(err, response, json) {","        if (!err && response.statusCode == 200) {","            callback(itemFactory.parseSitemap(json));","        } else {","            that.log(\"Platform - There was a problem connecting to OpenHAB.\");","        }","    });","};"],"l":{"44":1,"45":1,"46":1,"47":1,"51":1,"52":0,"53":0,"55":0,"56":0,"57":0,"58":0,"59":0,"60":0,"61":0,"62":0,"63":0,"64":0,"65":0,"66":0,"67":0,"69":0,"74":1,"75":0,"76":0,"77":0,"78":0,"79":0,"80":0,"81":0,"82":0,"83":0,"85":0,"86":0,"88":0,"89":0,"91":0,"95":1,"96":0,"97":0,"98":0,"99":0,"100":0,"101":0,"105":0,"106":0,"108":0}},"/home/travis/build/npmtest/node-npmtest-homebridge-openhab/node_modules/homebridge-openhab/libs/ItemFactory.js":{"path":"/home/travis/build/npmtest/node-npmtest-homebridge-openhab/node_modules/homebridge-openhab/libs/ItemFactory.js","s":{"1":1,"2":1,"3":1,"4":1,"5":1,"6":1,"7":1,"8":1,"9":1,"10":1,"11":1,"12":1,"13":1,"14":1,"15":1,"16":0,"17":0,"18":0,"19":0,"20":0,"21":1,"22":0,"23":0,"24":0,"25":0,"26":1,"27":0,"28":0,"29":0,"30":0,"31":0,"32":0,"33":0,"34":0,"35":0,"36":0,"37":0,"38":0,"39":0,"40":0,"41":0,"42":0,"43":0,"44":0,"45":0,"46":0,"47":0,"48":0,"49":0,"50":0,"51":0,"52":0,"53":1,"54":0,"55":0,"56":0,"57":0,"58":0,"59":0,"60":0,"61":0,"62":0,"63":0,"64":0,"65":0,"66":0,"67":0,"68":0,"69":0,"70":0,"71":0,"72":0,"73":0,"74":0,"75":0,"76":0,"77":0,"78":0,"79":0,"80":1,"81":0,"82":0,"83":0,"84":0,"85":0,"86":0,"87":0,"88":0,"89":0,"90":0,"91":0,"92":0,"93":0,"94":0,"95":0,"96":0,"97":0,"98":0,"99":0,"100":0,"101":0,"102":0,"103":0,"104":0,"105":0,"106":0,"107":0,"108":0,"109":0,"110":0,"111":0,"112":0,"113":0},"b":{"1":[0,0],"2":[0,0],"3":[0,0],"4":[0,0],"5":[0,0],"6":[0,0],"7":[0,0],"8":[0,0],"9":[0,0],"10":[0,0],"11":[0,0],"12":[0,0],"13":[0,0],"14":[0,0],"15":[0,0],"16":[0,0],"17":[0,0],"18":[0,0],"19":[0,0],"20":[0,0],"21":[0,0],"22":[0,0],"23":[0,0],"24":[0,0],"25":[0,0],"26":[0,0],"27":[0,0],"28":[0,0],"29":[0,0],"30":[0,0,0],"31":[0,0],"32":[0,0]},"f":{"1":0,"2":0,"3":0,"4":0,"5":0},"fnMap":{"1":{"name":"(anonymous_1)","line":17,"loc":{"start":{"line":17,"column":18},"end":{"line":17,"column":55}}},"2":{"name":"(anonymous_2)","line":25,"loc":{"start":{"line":25,"column":39},"end":{"line":25,"column":51}}},"3":{"name":"(anonymous_3)","line":35,"loc":{"start":{"line":35,"column":41},"end":{"line":35,"column":64}}},"4":{"name":"(anonymous_4)","line":77,"loc":{"start":{"line":77,"column":45},"end":{"line":77,"column":71}}},"5":{"name":"(anonymous_5)","line":119,"loc":{"start":{"line":119,"column":44},"end":{"line":119,"column":73}}}},"statementMap":{"1":{"start":{"line":2,"column":0},"end":{"line":2,"column":34}},"2":{"start":{"line":3,"column":0},"end":{"line":3,"column":59}},"3":{"start":{"line":4,"column":0},"end":{"line":4,"column":55}},"4":{"start":{"line":5,"column":0},"end":{"line":5,"column":61}},"5":{"start":{"line":6,"column":0},"end":{"line":6,"column":49}},"6":{"start":{"line":7,"column":0},"end":{"line":7,"column":55}},"7":{"start":{"line":8,"column":0},"end":{"line":8,"column":55}},"8":{"start":{"line":9,"column":0},"end":{"line":9,"column":69}},"9":{"start":{"line":10,"column":0},"end":{"line":10,"column":77}},"10":{"start":{"line":11,"column":0},"end":{"line":11,"column":55}},"11":{"start":{"line":12,"column":0},"end":{"line":12,"column":57}},"12":{"start":{"line":13,"column":0},"end":{"line":13,"column":67}},"13":{"start":{"line":14,"column":0},"end":{"line":14,"column":65}},"14":{"start":{"line":15,"column":0},"end":{"line":15,"column":63}},"15":{"start":{"line":17,"column":0},"end":{"line":23,"column":2}},"16":{"start":{"line":18,"column":4},"end":{"line":18,"column":36}},"17":{"start":{"line":19,"column":4},"end":{"line":19,"column":33}},"18":{"start":{"line":20,"column":4},"end":{"line":20,"column":33}},"19":{"start":{"line":21,"column":4},"end":{"line":21,"column":23}},"20":{"start":{"line":22,"column":4},"end":{"line":22,"column":24}},"21":{"start":{"line":25,"column":0},"end":{"line":33,"column":2}},"22":{"start":{"line":26,"column":4},"end":{"line":26,"column":42}},"23":{"start":{"line":28,"column":4},"end":{"line":30,"column":5}},"24":{"start":{"line":29,"column":8},"end":{"line":29,"column":134}},"25":{"start":{"line":32,"column":4},"end":{"line":32,"column":143}},"26":{"start":{"line":35,"column":0},"end":{"line":75,"column":2}},"27":{"start":{"line":36,"column":4},"end":{"line":36,"column":64}},"28":{"start":{"line":38,"column":4},"end":{"line":38,"column":27}},"29":{"start":{"line":39,"column":4},"end":{"line":73,"column":5}},"30":{"start":{"line":40,"column":8},"end":{"line":72,"column":9}},"31":{"start":{"line":42,"column":12},"end":{"line":42,"column":110}},"32":{"start":{"line":43,"column":12},"end":{"line":46,"column":13}},"33":{"start":{"line":44,"column":16},"end":{"line":44,"column":145}},"34":{"start":{"line":45,"column":16},"end":{"line":45,"column":25}},"35":{"start":{"line":47,"column":12},"end":{"line":50,"column":13}},"36":{"start":{"line":48,"column":16},"end":{"line":48,"column":134}},"37":{"start":{"line":49,"column":16},"end":{"line":49,"column":25}},"38":{"start":{"line":53,"column":12},"end":{"line":60,"column":13}},"39":{"start":{"line":54,"column":16},"end":{"line":59,"column":17}},"40":{"start":{"line":55,"column":20},"end":{"line":55,"column":95}},"41":{"start":{"line":56,"column":20},"end":{"line":56,"column":137}},"42":{"start":{"line":57,"column":20},"end":{"line":57,"column":138}},"43":{"start":{"line":58,"column":20},"end":{"line":58,"column":29}},"44":{"start":{"line":62,"column":12},"end":{"line":62,"column":121}},"45":{"start":{"line":63,"column":12},"end":{"line":63,"column":80}},"46":{"start":{"line":65,"column":12},"end":{"line":70,"column":13}},"47":{"start":{"line":66,"column":16},"end":{"line":66,"column":87}},"48":{"start":{"line":67,"column":16},"end":{"line":67,"column":91}},"49":{"start":{"line":68,"column":16},"end":{"line":68,"column":133}},"50":{"start":{"line":69,"column":16},"end":{"line":69,"column":134}},"51":{"start":{"line":71,"column":12},"end":{"line":71,"column":42}},"52":{"start":{"line":74,"column":4},"end":{"line":74,"column":25}},"53":{"start":{"line":77,"column":0},"end":{"line":117,"column":2}},"54":{"start":{"line":78,"column":4},"end":{"line":78,"column":36}},"55":{"start":{"line":79,"column":4},"end":{"line":79,"column":31}},"56":{"start":{"line":80,"column":4},"end":{"line":80,"column":34}},"57":{"start":{"line":81,"column":4},"end":{"line":81,"column":38}},"58":{"start":{"line":82,"column":4},"end":{"line":82,"column":28}},"59":{"start":{"line":85,"column":4},"end":{"line":115,"column":5}},"60":{"start":{"line":86,"column":8},"end":{"line":114,"column":9}},"61":{"start":{"line":87,"column":12},"end":{"line":113,"column":13}},"62":{"start":{"line":88,"column":16},"end":{"line":90,"column":17}},"63":{"start":{"line":89,"column":20},"end":{"line":89,"column":72}},"64":{"start":{"line":91,"column":16},"end":{"line":93,"column":17}},"65":{"start":{"line":92,"column":20},"end":{"line":92,"column":86}},"66":{"start":{"line":94,"column":16},"end":{"line":96,"column":17}},"67":{"start":{"line":95,"column":20},"end":{"line":95,"column":86}},"68":{"start":{"line":97,"column":16},"end":{"line":100,"column":17}},"69":{"start":{"line":98,"column":20},"end":{"line":98,"column":74}},"70":{"start":{"line":99,"column":20},"end":{"line":99,"column":51}},"71":{"start":{"line":101,"column":16},"end":{"line":103,"column":17}},"72":{"start":{"line":102,"column":20},"end":{"line":102,"column":72}},"73":{"start":{"line":104,"column":16},"end":{"line":106,"column":17}},"74":{"start":{"line":105,"column":20},"end":{"line":105,"column":74}},"75":{"start":{"line":107,"column":16},"end":{"line":109,"column":17}},"76":{"start":{"line":108,"column":20},"end":{"line":108,"column":104}},"77":{"start":{"line":110,"column":16},"end":{"line":112,"column":17}},"78":{"start":{"line":111,"column":20},"end":{"line":111,"column":80}},"79":{"start":{"line":116,"column":4},"end":{"line":116,"column":18}},"80":{"start":{"line":119,"column":0},"end":{"line":177,"column":2}},"81":{"start":{"line":122,"column":4},"end":{"line":122,"column":21}},"82":{"start":{"line":124,"column":4},"end":{"line":176,"column":5}},"83":{"start":{"line":126,"column":8},"end":{"line":126,"column":22}},"84":{"start":{"line":127,"column":8},"end":{"line":127,"column":23}},"85":{"start":{"line":128,"column":8},"end":{"line":128,"column":22}},"86":{"start":{"line":129,"column":8},"end":{"line":129,"column":23}},"87":{"start":{"line":130,"column":8},"end":{"line":130,"column":22}},"88":{"start":{"line":131,"column":8},"end":{"line":131,"column":29}},"89":{"start":{"line":133,"column":8},"end":{"line":175,"column":9}},"90":{"start":{"line":135,"column":12},"end":{"line":137,"column":13}},"91":{"start":{"line":136,"column":16},"end":{"line":136,"column":44}},"92":{"start":{"line":139,"column":12},"end":{"line":151,"column":13}},"93":{"start":{"line":140,"column":16},"end":{"line":140,"column":44}},"94":{"start":{"line":141,"column":16},"end":{"line":141,"column":69}},"95":{"start":{"line":142,"column":16},"end":{"line":142,"column":44}},"96":{"start":{"line":143,"column":16},"end":{"line":143,"column":46}},"97":{"start":{"line":144,"column":16},"end":{"line":144,"column":44}},"98":{"start":{"line":145,"column":19},"end":{"line":151,"column":13}},"99":{"start":{"line":146,"column":16},"end":{"line":146,"column":49}},"100":{"start":{"line":147,"column":16},"end":{"line":147,"column":93}},"101":{"start":{"line":148,"column":16},"end":{"line":148,"column":49}},"102":{"start":{"line":149,"column":16},"end":{"line":149,"column":51}},"103":{"start":{"line":150,"column":16},"end":{"line":150,"column":49}},"104":{"start":{"line":153,"column":12},"end":{"line":164,"column":13}},"105":{"start":{"line":154,"column":16},"end":{"line":160,"column":18}},"106":{"start":{"line":163,"column":16},"end":{"line":163,"column":79}},"107":{"start":{"line":163,"column":49},"end":{"line":163,"column":79}},"108":{"start":{"line":166,"column":12},"end":{"line":174,"column":13}},"109":{"start":{"line":167,"column":16},"end":{"line":173,"column":17}},"110":{"start":{"line":168,"column":20},"end":{"line":168,"column":94}},"111":{"start":{"line":169,"column":23},"end":{"line":173,"column":17}},"112":{"start":{"line":170,"column":20},"end":{"line":170,"column":87}},"113":{"start":{"line":172,"column":20},"end":{"line":172,"column":98}}},"branchMap":{"1":{"line":28,"type":"if","locations":[{"start":{"line":28,"column":4},"end":{"line":28,"column":4}},{"start":{"line":28,"column":4},"end":{"line":28,"column":4}}]},"2":{"line":28,"type":"binary-expr","locations":[{"start":{"line":28,"column":8},"end":{"line":28,"column":26}},{"start":{"line":28,"column":30},"end":{"line":28,"column":52}}]},"3":{"line":40,"type":"if","locations":[{"start":{"line":40,"column":8},"end":{"line":40,"column":8}},{"start":{"line":40,"column":8},"end":{"line":40,"column":8}}]},"4":{"line":43,"type":"if","locations":[{"start":{"line":43,"column":12},"end":{"line":43,"column":12}},{"start":{"line":43,"column":12},"end":{"line":43,"column":12}}]},"5":{"line":47,"type":"if","locations":[{"start":{"line":47,"column":12},"end":{"line":47,"column":12}},{"start":{"line":47,"column":12},"end":{"line":47,"column":12}}]},"6":{"line":53,"type":"if","locations":[{"start":{"line":53,"column":12},"end":{"line":53,"column":12}},{"start":{"line":53,"column":12},"end":{"line":53,"column":12}}]},"7":{"line":54,"type":"if","locations":[{"start":{"line":54,"column":16},"end":{"line":54,"column":16}},{"start":{"line":54,"column":16},"end":{"line":54,"column":16}}]},"8":{"line":65,"type":"if","locations":[{"start":{"line":65,"column":12},"end":{"line":65,"column":12}},{"start":{"line":65,"column":12},"end":{"line":65,"column":12}}]},"9":{"line":85,"type":"if","locations":[{"start":{"line":85,"column":4},"end":{"line":85,"column":4}},{"start":{"line":85,"column":4},"end":{"line":85,"column":4}}]},"10":{"line":87,"type":"if","locations":[{"start":{"line":87,"column":12},"end":{"line":87,"column":12}},{"start":{"line":87,"column":12},"end":{"line":87,"column":12}}]},"11":{"line":87,"type":"binary-expr","locations":[{"start":{"line":87,"column":16},"end":{"line":87,"column":56}},{"start":{"line":87,"column":60},"end":{"line":87,"column":113}}]},"12":{"line":88,"type":"if","locations":[{"start":{"line":88,"column":16},"end":{"line":88,"column":16}},{"start":{"line":88,"column":16},"end":{"line":88,"column":16}}]},"13":{"line":91,"type":"if","locations":[{"start":{"line":91,"column":16},"end":{"line":91,"column":16}},{"start":{"line":91,"column":16},"end":{"line":91,"column":16}}]},"14":{"line":94,"type":"if","locations":[{"start":{"line":94,"column":16},"end":{"line":94,"column":16}},{"start":{"line":94,"column":16},"end":{"line":94,"column":16}}]},"15":{"line":97,"type":"if","locations":[{"start":{"line":97,"column":16},"end":{"line":97,"column":16}},{"start":{"line":97,"column":16},"end":{"line":97,"column":16}}]},"16":{"line":101,"type":"if","locations":[{"start":{"line":101,"column":16},"end":{"line":101,"column":16}},{"start":{"line":101,"column":16},"end":{"line":101,"column":16}}]},"17":{"line":104,"type":"if","locations":[{"start":{"line":104,"column":16},"end":{"line":104,"column":16}},{"start":{"line":104,"column":16},"end":{"line":104,"column":16}}]},"18":{"line":107,"type":"if","locations":[{"start":{"line":107,"column":16},"end":{"line":107,"column":16}},{"start":{"line":107,"column":16},"end":{"line":107,"column":16}}]},"19":{"line":110,"type":"if","locations":[{"start":{"line":110,"column":16},"end":{"line":110,"column":16}},{"start":{"line":110,"column":16},"end":{"line":110,"column":16}}]},"20":{"line":133,"type":"if","locations":[{"start":{"line":133,"column":8},"end":{"line":133,"column":8}},{"start":{"line":133,"column":8},"end":{"line":133,"column":8}}]},"21":{"line":135,"type":"if","locations":[{"start":{"line":135,"column":12},"end":{"line":135,"column":12}},{"start":{"line":135,"column":12},"end":{"line":135,"column":12}}]},"22":{"line":139,"type":"if","locations":[{"start":{"line":139,"column":12},"end":{"line":139,"column":12}},{"start":{"line":139,"column":12},"end":{"line":139,"column":12}}]},"23":{"line":139,"type":"binary-expr","locations":[{"start":{"line":139,"column":16},"end":{"line":139,"column":29}},{"start":{"line":139,"column":33},"end":{"line":139,"column":77}}]},"24":{"line":141,"type":"cond-expr","locations":[{"start":{"line":141,"column":52},"end":{"line":141,"column":56}},{"start":{"line":141,"column":59},"end":{"line":141,"column":68}}]},"25":{"line":145,"type":"if","locations":[{"start":{"line":145,"column":19},"end":{"line":145,"column":19}},{"start":{"line":145,"column":19},"end":{"line":145,"column":19}}]},"26":{"line":147,"type":"cond-expr","locations":[{"start":{"line":147,"column":64},"end":{"line":147,"column":68}},{"start":{"line":147,"column":71},"end":{"line":147,"column":92}}]},"27":{"line":153,"type":"if","locations":[{"start":{"line":153,"column":12},"end":{"line":153,"column":12}},{"start":{"line":153,"column":12},"end":{"line":153,"column":12}}]},"28":{"line":163,"type":"if","locations":[{"start":{"line":163,"column":16},"end":{"line":163,"column":16}},{"start":{"line":163,"column":16},"end":{"line":163,"column":16}}]},"29":{"line":166,"type":"if","locations":[{"start":{"line":166,"column":12},"end":{"line":166,"column":12}},{"start":{"line":166,"column":12},"end":{"line":166,"column":12}}]},"30":{"line":166,"type":"binary-expr","locations":[{"start":{"line":166,"column":17},"end":{"line":166,"column":63}},{"start":{"line":166,"column":69},"end":{"line":166,"column":119}},{"start":{"line":166,"column":124},"end":{"line":166,"column":140}}]},"31":{"line":167,"type":"if","locations":[{"start":{"line":167,"column":16},"end":{"line":167,"column":16}},{"start":{"line":167,"column":16},"end":{"line":167,"column":16}}]},"32":{"line":169,"type":"if","locations":[{"start":{"line":169,"column":23},"end":{"line":169,"column":23}},{"start":{"line":169,"column":23},"end":{"line":169,"column":23}}]}},"code":["\"use strict\";","var exports = module.exports = {};","exports.AbstractItem = require('../items/AbstractItem.js');","exports.SwitchItem = require('../items/SwitchItem.js');","exports.LightbulbItem = require('../items/LightbulbItem.js');","exports.FanItem = require('../items/FanItem.js');","exports.OutletItem = require('../items/OutletItem.js');","exports.DimmerItem = require('../items/DimmerItem.js');","exports.RollershutterItem = require('../items/RollershutterItem.js');","exports.TemperatureSensorItem = require('../items/TemperatureSensorItem.js');","exports.NumberItem = require('../items/NumberItem.js');","exports.ContactItem = require('../items/ContactItem.js');","exports.MotionSensorItem = require('../items/MotionSensorItem.js');","exports.LightSensorItem = require('../items/LightSensorItem.js');","exports.ThermostatItem = require('../items/ThermostatItem.js');","","exports.Factory = function(OpenHABPlatform,homebridge) {","    this.platform = OpenHABPlatform;","    this.log = this.platform.log;","    this.homebridge = homebridge;","    this.itemList = [];","    this.uniqueIds = [];","};","","exports.Factory.prototype.sitemapUrl = function () {","    var serverString = this.platform.host;","    //TODO da verificare","    if (this.platform.user && this.platform.password) {","        serverString = encodeURIComponent(this.platform.user) + \":\" + encodeURIComponent(this.platform.password) + \"@\" + serverString;","    }","","    return this.platform.protocol + \"://\" + serverString + \":\" + this.platform.port + \"/rest/sitemaps/\" + this.platform.sitemap + \"?type=json\";","};","","exports.Factory.prototype.parseSitemap = function (jsonSitemap) {","    exports.Factory.prototype.traverseSitemap(jsonSitemap,this);","","    var accessoryList = [];","    for (var key in this.itemList) {","        if (this.itemList.hasOwnProperty(key)){","","            this.itemList[key] = exports.Factory.prototype.checkCustomAttrs(this.itemList[key],this.platform);","            if (!(this.itemList[key].itemType in exports)){","                this.log(\"Platform - The widget '\" + this.itemList[key].label + \"' of type \"+this.itemList[key].type+\" is an item not handled.\");","                continue;","            }","            if (this.itemList[key].skipItem) {","                this.log(\"Platform - The widget '\" + this.itemList[key].label + \"' of type \"+this.itemList[key].type+\" was skipped.\");","                continue;","            }","","            //If itemUniqueAggregationId is definited in the item configuration","            if (typeof this.itemList[key].itemUniqueAggregationId !== 'undefined') {","                if (typeof this.uniqueIds[this.itemList[key].itemUniqueAggregationId] !== 'undefined') {","                    this.log(\"Platform - New attribute found for \" + this.itemList[key].label);","                    this.uniqueIds[this.itemList[key].itemUniqueAggregationId]['set'+this.itemList[key].itemSubType](this.itemList[key]);","                    this.log(\"Platform - The attribute \" + this.itemList[key].itemSubType + \" is attached to \" +this.itemList[key].label);","                    continue;","                }","            }","","            var accessory = new exports[this.itemList[key].itemType](this.itemList[key], this.platform, this.homebridge);","            this.log(\"Platform - Accessory Found: \" + this.itemList[key].label);","","            if (typeof this.itemList[key].itemUniqueAggregationId !== 'undefined') {","                this.uniqueIds[this.itemList[key].itemUniqueAggregationId] = accessory;","                this.log(\"Platform - New attribute found for \" + this.itemList[key].label);","                this.uniqueIds[this.itemList[key].itemUniqueAggregationId]['set'+this.itemList[key].itemSubType](this.itemList[key]);","                this.log(\"Platform - The attribute \" + this.itemList[key].itemSubType + \" is attached to \" +this.itemList[key].label);","            }","            accessoryList.push(accessory);","        }","    }","    return accessoryList;","};","","exports.Factory.prototype.checkCustomAttrs = function(widget,platform) {","    widget.manufacturer = \"OpenHAB\";","    widget.model = widget.type;","    widget.itemType = widget.type;","    widget.serialNumber = widget.name;","    widget.skipItem = false;","","    //cicle customAttrs","    if ('customAttrs' in platform){","        for (var key in platform.customAttrs) {","            if (platform.customAttrs.hasOwnProperty(key) && platform.customAttrs[key]['itemName'] === widget.name){","                if (typeof platform.customAttrs[key][
[...]
n":60}},"98":{"start":{"line":291,"column":0},"end":{"line":302,"column":2}},"99":{"start":{"line":292,"column":4},"end":{"line":292,"column":20}},"100":{"start":{"line":293,"column":4},"end":{"line":293,"column":133}},"101":{"start":{"line":294,"column":4},"end":{"line":301,"column":6}},"102":{"start":{"line":295,"column":8},"end":{"line":300,"column":9}},"103":{"start":{"line":296,"column":12},"end":{"line":296,"column":128}},"104":{"start":{"line":297,"column":12},"end":{"line":297,"column":70}},"105":{"start":{"line":299,"column":12},"end":{"line":299,"column":126}},"106":{"start":{"line":308,"column":0},"end":{"line":319,"column":2}},"107":{"start":{"line":309,"column":4},"end":{"line":309,"column":20}},"108":{"start":{"line":310,"column":4},"end":{"line":310,"column":122}},"109":{"start":{"line":311,"column":4},"end":{"line":318,"column":6}},"110":{"start":{"line":312,"column":8},"end":{"line":317,"column":9}},"111":{"start":{"line":313,"column":12},"end":{"line":313,"column":123}},"112":{"start":{"line":314,"column":12},"end":{"line":314,"column":65}},"113":{"start":{"line":316,"column":12},"end":{"line":316,"column":121}},"114":{"start":{"line":325,"column":0},"end":{"line":336,"column":2}},"115":{"start":{"line":326,"column":4},"end":{"line":326,"column":20}},"116":{"start":{"line":327,"column":4},"end":{"line":327,"column":120}},"117":{"start":{"line":328,"column":4},"end":{"line":335,"column":6}},"118":{"start":{"line":329,"column":8},"end":{"line":334,"column":9}},"119":{"start":{"line":330,"column":12},"end":{"line":330,"column":122}},"120":{"start":{"line":331,"column":12},"end":{"line":331,"column":65}},"121":{"start":{"line":333,"column":12},"end":{"line":333,"column":120}},"122":{"start":{"line":342,"column":0},"end":{"line":342,"column":32}}},"branchMap":{"1":{"line":43,"type":"if","locations":[{"start":{"line":43,"column":4},"end":{"line":43,"column":4}},{"start":{"line":43,"column":4},"end":{"line":43,"column":4}}]},"2":{"line":55,"type":"if","locations":[{"start":{"line":55,"column":4},"end":{"line":55,"column":4}},{"start":{"line":55,"column":4},"end":{"line":55,"column":4}}]},"3":{"line":59,"type":"if","locations":[{"start":{"line":59,"column":4},"end":{"line":59,"column":4}},{"start":{"line":59,"column":4},"end":{"line":59,"column":4}}]},"4":{"line":150,"type":"if","locations":[{"start":{"line":150,"column":4},"end":{"line":150,"column":4}},{"start":{"line":150,"column":4},"end":{"line":150,"column":4}}]},"5":{"line":164,"type":"if","locations":[{"start":{"line":164,"column":4},"end":{"line":164,"column":4}},{"start":{"line":164,"column":4},"end":{"line":164,"column":4}}]},"6":{"line":177,"type":"if","locations":[{"start":{"line":177,"column":20},"end":{"line":177,"column":20}},{"start":{"line":177,"column":20},"end":{"line":177,"column":20}}]},"7":{"line":177,"type":"binary-expr","locations":[{"start":{"line":177,"column":24},"end":{"line":177,"column":30}},{"start":{"line":177,"column":34},"end":{"line":177,"column":60}}]},"8":{"line":196,"type":"if","locations":[{"start":{"line":196,"column":4},"end":{"line":196,"column":4}},{"start":{"line":196,"column":4},"end":{"line":196,"column":4}}]},"9":{"line":249,"type":"if","locations":[{"start":{"line":249,"column":4},"end":{"line":249,"column":4}},{"start":{"line":249,"column":4},"end":{"line":249,"column":4}}]},"10":{"line":261,"type":"if","locations":[{"start":{"line":261,"column":4},"end":{"line":261,"column":4}},{"start":{"line":261,"column":4},"end":{"line":261,"column":4}}]},"11":{"line":295,"type":"if","locations":[{"start":{"line":295,"column":8},"end":{"line":295,"column":8}},{"start":{"line":295,"column":8},"end":{"line":295,"column":8}}]},"12":{"line":295,"type":"binary-expr","locations":[{"start":{"line":295,"column":12},"end":{"line":295,"column":18}},{"start":{"line":295,"column":22},"end":{"line":295,"column":48}}]},"13":{"line":312,"type":"if","locations":[{"start":{"line":312,"column":8},"end":{"line":312,"column":8}},{"start":{"line":312,"column":8},"end":{"line":312,"column":8}}]},"14":{"line":312,"type":"binary-expr","locations":[{"start":{"line":312,"column":12},"end":{"line":312,"column":18}},{"start":{"line":312,"column":22},"end":{"line":312,"column":48}}]},"15":{"line":329,"type":"if","locations":[{"start":{"line":329,"column":8},"end":{"line":329,"column":8}},{"start":{"line":329,"column":8},"end":{"line":329,"column":8}}]},"16":{"line":329,"type":"binary-expr","locations":[{"start":{"line":329,"column":12},"end":{"line":329,"column":18}},{"start":{"line":329,"column":22},"end":{"line":329,"column":48}}]}},"code":["\"use strict\";","","var request = require(\"request\");","const EventEmitter = require(\"events\");","","var ThermostatItem = function(widget,platform,homebridge) {","    //General","    this.temperatureDisplayUnits = homebridge.hap.Characteristic.TemperatureDisplayUnits.CELSIUS;","    this.thermostatItemEmitter = new EventEmitter();","    this.initEmitter();","","    //CurrentTemperature","    this.itemCurrentTemperature = undefined;","    this.listenerCurrentTemperature = undefined;","    this.wsCurrentTemperature = undefined;","","    //CurrentRelativeHumidity","    this.itemCurrentRelativeHumidity = undefined;","    this.listenerCurrentRelativeHumidity = undefined;","    this.wsCurrentRelativeHumidity = undefined;","","    //TargetTemperature","    this.itemTargetTemperature = undefined;","    this.setTargetTemperatureInitialState = false;","    this.targetTemperatureArr = [];","    this.targetTemperatureInProgress = false;","    this.targetTemperatureTimeout = 1000;","","    ThermostatItem.super_.call(this, widget,platform,homebridge);","};","","ThermostatItem.prototype.initEmitter = function() {","    var self=this;","    this.thermostatItemEmitter.on('TARGET_TEMPERATURE_UPDATE_EVENT', function() {","        self.setTargetTemperatureStateFromEmit();","    });","};","","/**"," * Init all thermostat listener"," */","ThermostatItem.prototype.initListener = function() {","    if ((typeof this.itemCurrentTemperature) == 'undefined'){","        throw new Error(this.name + \" needs CurrentTemperatureItem!\");","    }","","    this.listenerCurrentTemperature = this.listenerFactory(","        this.itemCurrentTemperature.name,","        this.itemCurrentTemperature.link,","        this.wsCurrentTemperature,","        this.log,","        this.updateCurrentTemperature.bind(this)","    );","","    if ((typeof this.itemTargetTemperature) == 'undefined'){","        throw new Error(this.name + \" needs TargetTemperatureItem!\");","    }","","    if ((typeof this.itemCurrentRelativeHumidity) !== 'undefined'){","        this.listenerCurrentRelativeHumidity = this.listenerFactory(","            this.itemCurrentRelativeHumidity.name,","            this.itemCurrentRelativeHumidity.link,","            this.wsCurrentRelativeHumidity,","            this.log,","            this.updateCurrentRelativeHumidity.bind(this)","        );","    }","};","","/**"," * Binding CurrentTemperatureItem in Celsius from ItemFactory"," * @param item"," */","ThermostatItem.prototype.setCurrentTemperatureCItem = function(item){","    this.itemCurrentTemperature = item;","    this.temperatureDisplayUnits = this.homebridge.hap.Characteristic.TemperatureDisplayUnits.CELSIUS;","};","","/**"," * Binding CurrentTemperatureItem in Fahrenheit from ItemFactory"," * @param item"," */","ThermostatItem.prototype.setCurrentTemperatureFItem = function(item){","    this.itemCurrentTemperature = item;","    this.temperatureDisplayUnits = this.homebridge.hap.Characteristic.TemperatureDisplayUnits.FAHRENHEIT;","};","","/**"," * Binding TargetTemperatureItem in Celsius from ItemFactory"," * @param item"," */","ThermostatItem.prototype.setTargetTemperatureCItem = function(item){","    this.itemTargetTemperature = item;","    this.temperatureDisplayUnits = this.homebridge.hap.Characteristic.TemperatureDisplayUnits.CELSIUS;","};","","/**"," * Binding TargetTemperatureItem in Fahrenheit from ItemFactory"," * @param item"," */","ThermostatItem.prototype.setTargetTemperatureFItem = function(item){","    this.itemTargetTemperature = item;","    this.temperatureDisplayUnits = this.homebridge.hap.Characteristic.TemperatureDisplayUnits.FAHRENHEIT;","};","","/**"," * Binding CurrentRelativeHumidityItem from ItemFactory"," * @param item"," */","ThermostatItem.prototype.setCurrentRelativeHumidityItem = function(item){","    this.itemCurrentRelativeHumidity = item;","};","","/**"," * Initiialize Others Services needed for ThermostatItem"," * @returns {*}"," */","ThermostatItem.prototype.getOtherServices = function() {","    var otherService = new this.homebridge.hap.Service.Thermostat();","","    //Init CurrentTemperature Characteristic","    otherService.getCharacteristic(this.homebridge.hap.Characteristic.CurrentTemperature)","        .on('get', this.getCurrentTemperatureState.bind(this))","        .setValue(this.checkTemperatureState(this.itemCurrentTemperature.state));","","    this.setTargetTemperatureInitialState = true;","","    //Init TargetTemperature Characteristic","    otherService.getCharacteristic(this.homebridge.hap.Characteristic.TargetTemperature)","        .on('set', this.setTargetTemperatureState.bind(this))","        .on('get', this.getTargetTemperatureState.bind(this))","        .setValue(this.checkTemperatureState(this.itemTargetTemperature.state));","","    //TODO","    otherService.getCharacteristic(this.homebridge.hap.Characteristic.CurrentHeatingCoolingState)","        .on('get', this.getCurrentHeatingCoolingStateMock.bind(this))","        .setValue(1);","","    //TODO","    otherService.getCharacteristic(this.homebridge.hap.Characteristic.TemperatureDisplayUnits)","        .on('get', this.getTemperatureDisplayUnits.bind(this))","        .setValue(this.temperatureDisplayUnits);","","    //TODO","    otherService.getCharacteristic(this.homebridge.hap.Characteristic.TargetHeatingCoolingState)","        .on('set', this.setTargetHeatingCoolingStateMock.bind(this))","        .on('get', this.getTargetHeatingCoolingStateMock.bind(this))","        .setValue(1);","","    if (this.itemCurrentRelativeHumidity) {","        otherService.addCharacteristic(this.homebridge.hap.Characteristic.CurrentRelativeHumidity)","            .on('get', this.getCurrentRelativeHumidityState.bind(this))","            .setValue(this.checkRelativeHumidityState(this.itemCurrentRelativeHumidity.state));","    }","","    return otherService;","};","","/**"," * Set target temperature when receive emit"," */","ThermostatItem.prototype.setTargetTemperatureStateFromEmit = function(){","    var self=this;","    if (!this.targetTemperatureInProgress){","        this.targetTemperatureInProgress = true;","        setTimeout(function() {","            var value = self.targetTemperatureArr[self.targetTemperatureArr.length-1];","            self.log(\"iOS - send message to \" + self.itemTargetTemperature.name + \" (\" + (self.name)+\"): \" + value);","            var command = \"\" + value;","            request.post(","                self.itemTargetTemperature.link,","                {","                    body: command,","                    headers: {'Content-Type': 'text/plain'}","                },","                function (error, response, body) {","                    if (!error && response.statusCode == 201) {","                        self.log(\"OpenHAB HTTP - response from \" + self.itemTargetTemperature.name + \" (\" + (self.name)+\"): \" + body);","                    } else {","                        self.log(\"OpenHAB HTTP - error from \" + self.itemTargetTemperature.name + \" (\" + (self.name)+\"): \" + error);","                    }","                    self.targetTemperatureArr = [];","                    self.targetTemperatureInProgress = false;","                }","            );","        }, self.targetTemperatureTimeout);","    }","};","","/**"," * Emit target temperature update"," * @param value"," * @param callback"," */","ThermostatItem.prototype.setTargetTemperatureState = function(value,callback){","    if (this.setTargetTemperatureInitialState) {","        this.setTargetTemperatureInitialState = false;","        callback();","        return;","    }","    this.targetTemperatureArr.push(value);","    this.thermostatItemEmitter.emit('TARGET_TEMPERATURE_UPDATE_EVENT');","    callback();","};","","/**"," * TODO"," * @param callback"," */","ThermostatItem.prototype.getTargetHeatingCoolingStateMock = function(callback) {","    //TODO check se si può anche scrivere","    callback(undefined,1);","};","","/**"," * TODO"," * @param value"," * @param callback"," */","ThermostatItem.prototype.setTargetHeatingCoolingStateMock = function(value,callback){","    callback();","};","","/**"," * Get display unit from temperatureDisplayUnits"," * @param callback"," */","ThermostatItem.prototype.getTemperatureDisplayUnits = function(callback) {","    callback(undefined,this.temperatureDisplayUnits);","};","","/**"," * TODO"," * @param callback"," */","ThermostatItem.prototype.getCurrentHeatingCoolingStateMock = function(callback) {","    //Characteristic.CurrentHeatingCoolingState.OFF = 0;","    //Characteristic.CurrentHeatingCoolingState.HEAT = 1;","    //Characteristic.CurrentHeatingCoolingState.COOL = 2;","    callback(undefined,this.homebridge.hap.Characteristic.CurrentHeatingCoolingState.HEAT);","};","","/**"," * Parse temperature input value"," * @param state"," * @returns {number}"," */","ThermostatItem.prototype.checkTemperatureState = function(state) {","    if ('Unitialized' === state){","        return 0.0;","    }","    return +state;","};","","/**"," * Parse relative humidity input value"," * @param state"," * @returns {number}"," */","ThermostatItem.prototype.checkRelativeHumidityState = function(state) {","    if ('Unitialized' === state){","        return 0;","    }","    return +state;","};","","/**"," * Set CurrentTemperature from OpenHAB"," * @param message"," */","ThermostatItem.prototype.updateCurrentTemperature = function(message) {","    this.otherService","        .getCharacteristic(this.homebridge.hap.Characteristic.CurrentTemperature)","        .setValue(this.checkTemperatureState(message));","};","","/**"," * Set CurrentRelativeHumidity from OpenHAB"," * @param message"," */","ThermostatItem.prototype.updateCurrentRelativeHumidity = function(message) {","    this.otherService","        .addCharacteristic(this.homebridge.hap.Characteristic.CurrentRelativeHumidity)","        .setValue(this.checkRelativeHumidityState(message));","};","","/**"," * Get CurrentRelativeHumidity requested from iOS"," * @param callback"," */","ThermostatItem.prototype.getCurrentRelativeHumidityState = function(callback) {","    var self = this;","    this.log(\"iOS - request Current relative humidity state from \" + this.itemCurrentRelativeHumidity.name + \" (\" + (self.name)+\")\");","    request(self.itemCurrentRelativeHumidity.link + '/state?type=json', function (error, response, body) {","        if (!error && response.statusCode == 200) {","            self.log(\"OpenHAB HTTP - response from \" + self.itemCurrentRelativeHumidity.name + \" (\" + (self.name)+\"): \" + body);","            callback(undefined,self.checkRelativeHumidityState(body));","        } else {","            self.log(\"OpenHAB HTTP - error from \" + self.itemCurrentRelativeHumidity.name + \" (\" + (self.name)+\"): \" + error);","        }","    })","};","","/**"," * Get CurrentTemperature requested from iOS"," * @param callback"," */","ThermostatItem.prototype.getCurrentTemperatureState = function(callback) {","    var self = this;","    this.log(\"iOS - request current temperature state from \" + this.itemCurrentTemperature.name + \" (\" + (self.name)+\")\");","    request(self.itemCurrentTemperature.link + '/state?type=json', function (error, response, body) {","        if (!error && response.statusCode == 200) {","            self.log(\"OpenHAB HTTP - response from \" + self.itemCurrentTemperature.name + \" (\" + (self.name)+\"): \" + body);","            callback(undefined,self.checkTemperatureState(body));","        } else {","            self.log(\"OpenHAB HTTP - error from \" + self.itemCurrentTemperature.name + \" (\" + (self.name)+\"): \" + error);","        }","    })","};","","/**"," * Get TargetTemperature requested from iOS"," * @param callback"," */","ThermostatItem.prototype.getTargetTemperatureState = function(callback) {","    var self = this;","    this.log(\"iOS - request target temperature state from \" + this.itemTargetTemperature.name + \" (\" + (self.name)+\")\");","    request(self.itemTargetTemperature.link + '/state?type=json', function (error, response, body) {","        if (!error && response.statusCode == 200) {","            self.log(\"OpenHAB HTTP - response from \" + self.itemTargetTemperature.name + \" (\" + (self.name)+\"): \" + body);","            callback(undefined,self.checkTemperatureState(body));","        } else {","            self.log(\"OpenHAB HTTP - error from \" + self.itemTargetTemperature.name + \" (\" + (self.name)+\"): \" + error);","        }","    })","};","","/**"," * Export ThermostatItem"," * @type {ThermostatItem}"," */","module.exports = ThermostatItem;"],"l":{"3":1,"4":1,"6":1,"8":0,"9":0,"10":0,"13":0,"14":0,"15":0,"18":0,"19":0,"20":0,"23":0,"24":0,"25":0,"26":0,"27":0,"29":0,"32":1,"33":0,"34":0,"35":0,"42":1,"43":0,"44":0,"47":0,"55":0,"56":0,"59":0,"60":0,"74":1,"75":0,"76":0,"83":1,"84":0,"85":0,"92":1,"93":0,"94":0,"101":1,"102":0,"103":0,"110":1,"111":0,"118":1,"119":0,"122":0,"126":0,"129":0,"135":0,"140":0,"145":0,"150":0,"151":0,"156":0,"162":1,"163":0,"164":0,"165":0,"166":0,"167":0,"168":0,"169":0,"170":0,"177":0,"178":0,"180":0,"182":0,"183":0,"195":1,"196":0,"197":0,"198":0,"199":0,"201":0,"202":0,"203":0,"210":1,"212":0,"220":1,"221":0,"228":1,"229":0,"236":1,"240":0,"248":1,"249":0,"250":0,"252":0,"260":1,"261":0,"262":0,"264":0,"271":1,"272":0,"281":1,"282":0,"291":1,"292":0,"293":0,"294":0,"295":0,"296":0,"297":0,"299":0,"308":1,"309":0,"310":0,"311":0,"312":0,"313":0,"314":0,"316":0,"325":1,"326":0,"327":0,"328":0,"329":0,"330":0,"331":0,"333":0,"342":1}},"/home/travis/build/npmtest/node-npmtest-homebridge-openhab/node_modules/homebridge-openhab/libs/Utility.js":{"path":"/home/travis/build/npmtest/node-npmtest-homebridge-openhab/node_modules/homebridge-openhab/libs/Utility.js","s":{"1":1,"2":1,"3":1,"4":0,"5":0,"6":0,"7":0,"8":0,"9":1,"10":0},"b":{},"f":{"1":0,"2":0},"fnMap":{"1":{"name":"(anonymous_1)","line":6,"loc":{"start":{"line":6,"column":25},"end":{"line":6,"column":56}}},"2":{"name":"(anonymous_2)","line":15,"loc":{"start":{"line":15,"column":23},"end":{"line":15,"column":54}}}},"statementMap":{"1":{"start":{"line":3,"column":0},"end":{"line":3,"column":40}},"2":{"start":{"line":4,"column":0},"end":{"line":4,"column":34}},"3":{"start":{"line":6,"column":0},"end":{"line":13,"column":2}},"4":{"start":{"line":7,"column":4},"end":{"line":7,"column":35}},"5":{"start":{"line":8,"column":4},"end":{"line":8,"column":35}},"6":{"start":{"line":9,"column":4},"end":{"line":9,"column":53}},"7":{"start":{"line":10,"column":4},"end":{"line":12,"column":5}},"8":{"start":{"line":11,"column":8},"end":{"line":11,"column":41}},"9":{"start":{"line":15,"column":0},"end":{"line":17,"column":2}},"10":{"start":{"line":16,"column":4},"end":{"line":16,"column":48}}},"branchMap":{},"code":["'use strict';","","var inherits = require(\"util\").inherits;","var exports = module.exports = {};","","exports.addInheritance = function(subclass, superclass) {","    var proto = subclass.prototype;","    inherits(subclass, superclass);","    subclass.prototype.parent = superclass.prototype;","    for (var a in proto) {","        subclass.prototype[a] = proto[a];","    }","};","","exports.addSupportTo = function(subclass, superclass) {","    exports.addInheritance(subclass,superclass);","};"],"l":{"3":1,"4":1,"6":1,"7":0,"8":0,"9":0,"10":0,"11":0,"15":1,"16":0}}}